<?xml version="1.0" encoding="UTF-8" ?>
<testsuite tests="775" failures="2" name="runner.TestRunner" time="0.029" errors="18" skipped="39">
  <properties>
[...]
</properties>
  <testcase classname="| thalita.silva@linkconsulting.com.br | welcome1234 |" name="Dado usuário está na tela &quot;login&quot;" time="0.003"/>
  <testcase classname="| thalita.silva@linkconsulting.com.br | welcome1234 |" name="Quando insiro no campo &quot;user&quot; &quot;thalita.silva@linkconsulting.com.br&quot;" time="0"/>
  <testcase classname="| thalita.silva@linkconsulting.com.br | welcome1234 |" name="E insiro no campo &quot;password&quot; &quot;welcome1234&quot;" time="0"/>
  <testcase classname="| thalita.silva@linkconsulting.com.br | welcome1234 |" name="Entao clico no botão &quot;login&quot;" time="0"/>
  <testcase classname="| thalita.silva@linkconsulting.com.br | welcome1234 |" name="Dado usuário está na tela &quot;index&quot;" time="0"/>
  <testcase classname="| thalita.silva@linkconsulting.com.br | welcome1234 |" name="E valido o campo &quot;usuario&quot;" time="0"/>
  <testcase classname="| thalita.silva@linkconsulting.com.br | welcome1234 |" name="| thalita.silva@linkconsulting.com.br | welcome1234 |" time="0"/>
  <testcase classname="| Injetor | *20.2*fitbank * | JNL - 20.2 - EMS - FITBANK - Testes de Mobilidade | *CT070.0001 * |" name="Dado usuário está na tela &quot;project list&quot;" time="0"/>
  <testcase classname="| Injetor | *20.2*fitbank * | JNL - 20.2 - EMS - FITBANK - Testes de Mobilidade | *CT070.0001 * |" name="Entao clico no botão &quot;ambiente&quot;" time="0"/>
  <testcase classname="| Injetor | *20.2*fitbank * | JNL - 20.2 - EMS - FITBANK - Testes de Mobilidade | *CT070.0001 * |" name="Entao seleciono lista &quot;lista ambientes&quot; &quot;Injetor&quot;" time="0"/>
  <testcase classname="| Injetor | *20.2*fitbank * | JNL - 20.2 - EMS - FITBANK - Testes de Mobilidade | *CT070.0001 * |" name="Entao clico no botão &quot;filtro&quot;" time="0"/>
  <testcase classname="| Injetor | *20.2*fitbank * | JNL - 20.2 - EMS - FITBANK - Testes de Mobilidade | *CT070.0001 * |" name="E insiro no campo &quot;nome&quot; &quot;*20.2*fitbank *&quot;" time="0"/>
  <testcase classname="| Injetor | *20.2*fitbank * | JNL - 20.2 - EMS - FITBANK - Testes de Mobilidade | *CT070.0001 * |" name="Entao clico no botão &quot;enviar&quot;" time="0"/>
  <testcase classname="| Injetor | *20.2*fitbank * | JNL - 20.2 - EMS - FITBANK - Testes de Mobilidade | *CT070.0001 * |" name="Entao seleciono campo &quot;projeto&quot; na tabela com valor &quot;JNL - 20.2 - EMS - FITBANK - Testes de Mobilidade&quot;" time="0"/>
  <testcase classname="| Injetor | *20.2*fitbank * | JNL - 20.2 - EMS - FITBANK - Testes de Mobilidade | *CT070.0001 * |" name="Entao clico no botão &quot;ciclo&quot;" time="0.001"/>
  <testcase classname="| Injetor | *20.2*fitbank * | JNL - 20.2 - EMS - FITBANK - Testes de Mobilidade | *CT070.0001 * |" name="E mudo de tela para &quot;project execution&quot;" time="0"/>
  <testcase classname="| Injetor | *20.2*fitbank * | JNL - 20.2 - EMS - FITBANK - Testes de Mobilidade | *CT070.0001 * |" name="Entao clico no botão &quot;filtro&quot;" time="0"/>
  <testcase classname="| Injetor | *20.2*fitbank * | JNL - 20.2 - EMS - FITBANK - Testes de Mobilidade | *CT070.0001 * |" name="E insiro no campo &quot;nome&quot; &quot;*CT070.0001 *&quot;" time="0"/>
  <testcase classname="| Injetor | *20.2*fitbank * | JNL - 20.2 - EMS - FITBANK - Testes de Mobilidade | *CT070.0001 * |" name="Entao clico no botão &quot;enviar&quot;" time="0"/>
  <testcase classname="| Injetor | *20.2*fitbank * | JNL - 20.2 - EMS - FITBANK - Testes de Mobilidade | *CT070.0001 * |" name="E seleciono o campo &quot;caso de teste&quot;" time="0"/>
  <testcase classname="| Injetor | *20.2*fitbank * | JNL - 20.2 - EMS - FITBANK - Testes de Mobilidade | *CT070.0001 * |" name="Entao clico no botão &quot;executar teste&quot;" time="0"/>
  <testcase classname="| Injetor | *20.2*fitbank * | JNL - 20.2 - EMS - FITBANK - Testes de Mobilidade | *CT070.0001 * |" name="E valido o campo &quot;resultado teste&quot;" time="0"/>
  <testcase classname="| Injetor | *20.2*fitbank * | JNL - 20.2 - EMS - FITBANK - Testes de Mobilidade | *CT070.0001 * |" name="E seleciono o campo &quot;caso de teste&quot;" time="0"/>
  <testcase classname="| Injetor | *20.2*fitbank * | JNL - 20.2 - EMS - FITBANK - Testes de Mobilidade | *CT070.0001 * |" name="E adiciono header ao arquivo" time="0"/>
  <testcase classname="| Injetor | *20.2*fitbank * | JNL - 20.2 - EMS - FITBANK - Testes de Mobilidade | *CT070.0001 * |" name="Entao clico no botão &quot;lupa&quot;" time="0"/>
  <testcase classname="| Injetor | *20.2*fitbank * | JNL - 20.2 - EMS - FITBANK - Testes de Mobilidade | *CT070.0001 * |" name="Entao clico no botão &quot;primeiro expand&quot;" time="0"/>
  <testcase classname="| Injetor | *20.2*fitbank * | JNL - 20.2 - EMS - FITBANK - Testes de Mobilidade | *CT070.0001 * |" name="Entao clico no botão &quot;segundo expand&quot;" time="0"/>
  <testcase classname="| Injetor | *20.2*fitbank * | JNL - 20.2 - EMS - FITBANK - Testes de Mobilidade | *CT070.0001 * |" name="E recupero as linhas da transação" time="0"/>
  <testcase classname="| Injetor | *20.2*fitbank * | JNL - 20.2 - EMS - FITBANK - Testes de Mobilidade | *CT070.0001 * |" name="E crio o arquivo" time="0"/>
  <testcase classname="| Injetor | *20.2*fitbank * | JNL - 20.2 - EMS - FITBANK - Testes de Mobilidade | *CT070.0001 * |" name="E escrevo as informações no arquivo" time="0"/>
  <testcase classname="| Injetor | *20.2*fitbank * | JNL - 20.2 - EMS - FITBANK - Testes de Mobilidade | *CT070.0001 * |" name="| Injetor | *20.2*fitbank * | JNL - 20.2 - EMS - FITBANK - Testes de Mobilidade | *CT070.0001 * |" time="0"/>
  <testcase classname="| Injetor | *20.2*fitbank * | JNL - 20.2 - EMS - FITBANK - Testes de Mobilidade | *CT070.0001 * |" name="Dado usuário está na tela &quot;project list&quot;" time="0"/>
  <testcase classname="| Injetor | *20.2*fitbank * | JNL - 20.2 - EMS - FITBANK - Testes de Mobilidade | *CT070.0001 * |" name="Entao clico no botão &quot;ambiente&quot;" time="0"/>
  <testcase classname="| Injetor | *20.2*fitbank * | JNL - 20.2 - EMS - FITBANK - Testes de Mobilidade | *CT070.0001 * |" name="Entao seleciono lista &quot;lista ambientes&quot; &quot;Injetor&quot;" time="0"/>
  <testcase classname="| Injetor | *20.2*fitbank * | JNL - 20.2 - EMS - FITBANK - Testes de Mobilidade | *CT070.0001 * |" name="Entao clico no botão &quot;filtro&quot;" time="0"/>
  <testcase classname="| Injetor | *20.2*fitbank * | JNL - 20.2 - EMS - FITBANK - Testes de Mobilidade | *CT070.0001 * |" name="E insiro no campo &quot;nome&quot; &quot;*20.2*fitbank *&quot;" time="0"/>
  <testcase classname="| Injetor | *20.2*fitbank * | JNL - 20.2 - EMS - FITBANK - Testes de Mobilidade | *CT070.0001 * |" name="Entao clico no botão &quot;enviar&quot;" time="0"/>
  <testcase classname="| Injetor | *20.2*fitbank * | JNL - 20.2 - EMS - FITBANK - Testes de Mobilidade | *CT070.0001 * |" name="Entao seleciono campo &quot;projeto&quot; na tabela com valor &quot;JNL - 20.2 - EMS - FITBANK - Testes de Mobilidade&quot;" time="0"/>
  <testcase classname="| Injetor | *20.2*fitbank * | JNL - 20.2 - EMS - FITBANK - Testes de Mobilidade | *CT070.0001 * |" name="Entao clico no botão &quot;ciclo&quot;" time="0"/>
  <testcase classname="| Injetor | *20.2*fitbank * | JNL - 20.2 - EMS - FITBANK - Testes de Mobilidade | *CT070.0001 * |" name="E mudo de tela para &quot;project execution&quot;" time="0"/>
  <testcase classname="| Injetor | *20.2*fitbank * | JNL - 20.2 - EMS - FITBANK - Testes de Mobilidade | *CT070.0001 * |" name="Entao clico no botão &quot;filtro&quot;" time="0"/>
  <testcase classname="| Injetor | *20.2*fitbank * | JNL - 20.2 - EMS - FITBANK - Testes de Mobilidade | *CT070.0001 * |" name="E insiro no campo &quot;nome&quot; &quot;*CT070.0001 *&quot;" time="0"/>
  <testcase classname="| Injetor | *20.2*fitbank * | JNL - 20.2 - EMS - FITBANK - Testes de Mobilidade | *CT070.0001 * |" name="Entao clico no botão &quot;enviar&quot;" time="0"/>
  <testcase classname="| Injetor | *20.2*fitbank * | JNL - 20.2 - EMS - FITBANK - Testes de Mobilidade | *CT070.0001 * |" name="E seleciono o campo &quot;caso de teste&quot;" time="0"/>
  <testcase classname="| Injetor | *20.2*fitbank * | JNL - 20.2 - EMS - FITBANK - Testes de Mobilidade | *CT070.0001 * |" name="Entao clico no botão &quot;executar teste&quot;" time="0"/>
  <testcase classname="| Injetor | *20.2*fitbank * | JNL - 20.2 - EMS - FITBANK - Testes de Mobilidade | *CT070.0001 * |" name="E valido o campo &quot;resultado teste&quot;" time="0"/>
  <testcase classname="| Injetor | *20.2*fitbank * | JNL - 20.2 - EMS - FITBANK - Testes de Mobilidade | *CT070.0001 * |" name="E seleciono o campo &quot;caso de teste&quot;" time="0"/>
  <testcase classname="| Injetor | *20.2*fitbank * | JNL - 20.2 - EMS - FITBANK - Testes de Mobilidade | *CT070.0001 * |" name="E adiciono header ao arquivo" time="0"/>
  <testcase classname="| Injetor | *20.2*fitbank * | JNL - 20.2 - EMS - FITBANK - Testes de Mobilidade | *CT070.0001 * |" name="Entao clico no botão &quot;lupa&quot;" time="0"/>
  <testcase classname="| Injetor | *20.2*fitbank * | JNL - 20.2 - EMS - FITBANK - Testes de Mobilidade | *CT070.0001 * |" name="Entao clico no botão &quot;primeiro expand&quot;" time="0"/>
  <testcase classname="| Injetor | *20.2*fitbank * | JNL - 20.2 - EMS - FITBANK - Testes de Mobilidade | *CT070.0001 * |" name="Entao clico no botão &quot;segundo expand&quot;" time="0"/>
  <testcase classname="| Injetor | *20.2*fitbank * | JNL - 20.2 - EMS - FITBANK - Testes de Mobilidade | *CT070.0001 * |" name="E recupero as linhas da transação" time="0"/>
  <testcase classname="| Injetor | *20.2*fitbank * | JNL - 20.2 - EMS - FITBANK - Testes de Mobilidade | *CT070.0001 * |" name="E crio o arquivo" time="0"/>
  <testcase classname="| Injetor | *20.2*fitbank * | JNL - 20.2 - EMS - FITBANK - Testes de Mobilidade | *CT070.0001 * |" name="E escrevo as informações no arquivo" time="0"/>
  <testcase classname="| Injetor | *20.2*fitbank * | JNL - 20.2 - EMS - FITBANK - Testes de Mobilidade | *CT070.0001 * |" name="| Injetor | *20.2*fitbank * | JNL - 20.2 - EMS - FITBANK - Testes de Mobilidade | *CT070.0001 * |" time="0"/>
  <testcase classname="| Injetor | *20.2*fitbank * | JNL - 20.2 - EMS - FITBANK - Testes de Mobilidade | *CT070.0001 * |" name="Dado usuário está na tela &quot;project list&quot;" time="0"/>
  <testcase classname="| Injetor | *20.2*fitbank * | JNL - 20.2 - EMS - FITBANK - Testes de Mobilidade | *CT070.0001 * |" name="Entao clico no botão &quot;ambiente&quot;" time="0"/>
  <testcase classname="| Injetor | *20.2*fitbank * | JNL - 20.2 - EMS - FITBANK - Testes de Mobilidade | *CT070.0001 * |" name="Entao seleciono lista &quot;lista ambientes&quot; &quot;Injetor&quot;" time="0"/>
  <testcase classname="| Injetor | *20.2*fitbank * | JNL - 20.2 - EMS - FITBANK - Testes de Mobilidade | *CT070.0001 * |" name="Entao clico no botão &quot;filtro&quot;" time="0"/>
  <testcase classname="| Injetor | *20.2*fitbank * | JNL - 20.2 - EMS - FITBANK - Testes de Mobilidade | *CT070.0001 * |" name="E insiro no campo &quot;nome&quot; &quot;*20.2*fitbank *&quot;" time="0"/>
  <testcase classname="| Injetor | *20.2*fitbank * | JNL - 20.2 - EMS - FITBANK - Testes de Mobilidade | *CT070.0001 * |" name="Entao clico no botão &quot;enviar&quot;" time="0"/>
  <testcase classname="| Injetor | *20.2*fitbank * | JNL - 20.2 - EMS - FITBANK - Testes de Mobilidade | *CT070.0001 * |" name="Entao seleciono campo &quot;projeto&quot; na tabela com valor &quot;JNL - 20.2 - EMS - FITBANK - Testes de Mobilidade&quot;" time="0"/>
  <testcase classname="| Injetor | *20.2*fitbank * | JNL - 20.2 - EMS - FITBANK - Testes de Mobilidade | *CT070.0001 * |" name="Entao clico no botão &quot;ciclo&quot;" time="0"/>
  <testcase classname="| Injetor | *20.2*fitbank * | JNL - 20.2 - EMS - FITBANK - Testes de Mobilidade | *CT070.0001 * |" name="E mudo de tela para &quot;project execution&quot;" time="0"/>
  <testcase classname="| Injetor | *20.2*fitbank * | JNL - 20.2 - EMS - FITBANK - Testes de Mobilidade | *CT070.0001 * |" name="Entao clico no botão &quot;filtro&quot;" time="0"/>
  <testcase classname="| Injetor | *20.2*fitbank * | JNL - 20.2 - EMS - FITBANK - Testes de Mobilidade | *CT070.0001 * |" name="E insiro no campo &quot;nome&quot; &quot;*CT070.0001 *&quot;" time="0"/>
  <testcase classname="| Injetor | *20.2*fitbank * | JNL - 20.2 - EMS - FITBANK - Testes de Mobilidade | *CT070.0001 * |" name="Entao clico no botão &quot;enviar&quot;" time="0"/>
  <testcase classname="| Injetor | *20.2*fitbank * | JNL - 20.2 - EMS - FITBANK - Testes de Mobilidade | *CT070.0001 * |" name="E seleciono o campo &quot;caso de teste&quot;" time="0"/>
  <testcase classname="| Injetor | *20.2*fitbank * | JNL - 20.2 - EMS - FITBANK - Testes de Mobilidade | *CT070.0001 * |" name="Entao clico no botão &quot;executar teste&quot;" time="0"/>
  <testcase classname="| Injetor | *20.2*fitbank * | JNL - 20.2 - EMS - FITBANK - Testes de Mobilidade | *CT070.0001 * |" name="E valido o campo &quot;resultado teste&quot;" time="0"/>
  <testcase classname="| Injetor | *20.2*fitbank * | JNL - 20.2 - EMS - FITBANK - Testes de Mobilidade | *CT070.0001 * |" name="E seleciono o campo &quot;caso de teste&quot;" time="0"/>
  <testcase classname="| Injetor | *20.2*fitbank * | JNL - 20.2 - EMS - FITBANK - Testes de Mobilidade | *CT070.0001 * |" name="E adiciono header ao arquivo" time="0"/>
  <testcase classname="| Injetor | *20.2*fitbank * | JNL - 20.2 - EMS - FITBANK - Testes de Mobilidade | *CT070.0001 * |" name="Entao clico no botão &quot;lupa&quot;" time="0"/>
  <testcase classname="| Injetor | *20.2*fitbank * | JNL - 20.2 - EMS - FITBANK - Testes de Mobilidade | *CT070.0001 * |" name="Entao clico no botão &quot;primeiro expand&quot;" time="0"/>
  <testcase classname="| Injetor | *20.2*fitbank * | JNL - 20.2 - EMS - FITBANK - Testes de Mobilidade | *CT070.0001 * |" name="Entao clico no botão &quot;segundo expand&quot;" time="0"/>
  <testcase classname="| Injetor | *20.2*fitbank * | JNL - 20.2 - EMS - FITBANK - Testes de Mobilidade | *CT070.0001 * |" name="E recupero as linhas da transação" time="0"/>
  <testcase classname="| Injetor | *20.2*fitbank * | JNL - 20.2 - EMS - FITBANK - Testes de Mobilidade | *CT070.0001 * |" name="E crio o arquivo" time="0"/>
  <testcase classname="| Injetor | *20.2*fitbank * | JNL - 20.2 - EMS - FITBANK - Testes de Mobilidade | *CT070.0001 * |" name="E escrevo as informações no arquivo" time="0"/>
  <testcase classname="| Injetor | *20.2*fitbank * | JNL - 20.2 - EMS - FITBANK - Testes de Mobilidade | *CT070.0001 * |" name="| Injetor | *20.2*fitbank * | JNL - 20.2 - EMS - FITBANK - Testes de Mobilidade | *CT070.0001 * |" time="0"/>
  <testcase classname="| Injetor | *20.2*fitbank * | JNL - 20.2 - EMS - FITBANK - Testes de Mobilidade | *CT070.0001 * |" name="Dado usuário está na tela &quot;project list&quot;" time="0"/>
  <testcase classname="| Injetor | *20.2*fitbank * | JNL - 20.2 - EMS - FITBANK - Testes de Mobilidade | *CT070.0001 * |" name="Entao clico no botão &quot;ambiente&quot;" time="0"/>
  <testcase classname="| Injetor | *20.2*fitbank * | JNL - 20.2 - EMS - FITBANK - Testes de Mobilidade | *CT070.0001 * |" name="Entao seleciono lista &quot;lista ambientes&quot; &quot;Injetor&quot;" time="0"/>
  <testcase classname="| Injetor | *20.2*fitbank * | JNL - 20.2 - EMS - FITBANK - Testes de Mobilidade | *CT070.0001 * |" name="Entao clico no botão &quot;filtro&quot;" time="0"/>
  <testcase classname="| Injetor | *20.2*fitbank * | JNL - 20.2 - EMS - FITBANK - Testes de Mobilidade | *CT070.0001 * |" name="E insiro no campo &quot;nome&quot; &quot;*20.2*fitbank *&quot;" time="0"/>
  <testcase classname="| Injetor | *20.2*fitbank * | JNL - 20.2 - EMS - FITBANK - Testes de Mobilidade | *CT070.0001 * |" name="Entao clico no botão &quot;enviar&quot;" time="0"/>
  <testcase classname="| Injetor | *20.2*fitbank * | JNL - 20.2 - EMS - FITBANK - Testes de Mobilidade | *CT070.0001 * |" name="Entao seleciono campo &quot;projeto&quot; na tabela com valor &quot;JNL - 20.2 - EMS - FITBANK - Testes de Mobilidade&quot;" time="0"/>
  <testcase classname="| Injetor | *20.2*fitbank * | JNL - 20.2 - EMS - FITBANK - Testes de Mobilidade | *CT070.0001 * |" name="Entao clico no botão &quot;ciclo&quot;" time="0"/>
  <testcase classname="| Injetor | *20.2*fitbank * | JNL - 20.2 - EMS - FITBANK - Testes de Mobilidade | *CT070.0001 * |" name="E mudo de tela para &quot;project execution&quot;" time="0"/>
  <testcase classname="| Injetor | *20.2*fitbank * | JNL - 20.2 - EMS - FITBANK - Testes de Mobilidade | *CT070.0001 * |" name="Entao clico no botão &quot;filtro&quot;" time="0"/>
  <testcase classname="| Injetor | *20.2*fitbank * | JNL - 20.2 - EMS - FITBANK - Testes de Mobilidade | *CT070.0001 * |" name="E insiro no campo &quot;nome&quot; &quot;*CT070.0001 *&quot;" time="0"/>
  <testcase classname="| Injetor | *20.2*fitbank * | JNL - 20.2 - EMS - FITBANK - Testes de Mobilidade | *CT070.0001 * |" name="Entao clico no botão &quot;enviar&quot;" time="0"/>
  <testcase classname="| Injetor | *20.2*fitbank * | JNL - 20.2 - EMS - FITBANK - Testes de Mobilidade | *CT070.0001 * |" name="E seleciono o campo &quot;caso de teste&quot;" time="0"/>
  <testcase classname="| Injetor | *20.2*fitbank * | JNL - 20.2 - EMS - FITBANK - Testes de Mobilidade | *CT070.0001 * |" name="Entao clico no botão &quot;executar teste&quot;" time="0"/>
  <testcase classname="| Injetor | *20.2*fitbank * | JNL - 20.2 - EMS - FITBANK - Testes de Mobilidade | *CT070.0001 * |" name="E valido o campo &quot;resultado teste&quot;" time="0"/>
  <testcase classname="| Injetor | *20.2*fitbank * | JNL - 20.2 - EMS - FITBANK - Testes de Mobilidade | *CT070.0001 * |" name="E seleciono o campo &quot;caso de teste&quot;" time="0"/>
  <testcase classname="| Injetor | *20.2*fitbank * | JNL - 20.2 - EMS - FITBANK - Testes de Mobilidade | *CT070.0001 * |" name="E adiciono header ao arquivo" time="0"/>
  <testcase classname="| Injetor | *20.2*fitbank * | JNL - 20.2 - EMS - FITBANK - Testes de Mobilidade | *CT070.0001 * |" name="Entao clico no botão &quot;lupa&quot;" time="0"/>
  <testcase classname="| Injetor | *20.2*fitbank * | JNL - 20.2 - EMS - FITBANK - Testes de Mobilidade | *CT070.0001 * |" name="Entao clico no botão &quot;primeiro expand&quot;" time="0"/>
  <testcase classname="| Injetor | *20.2*fitbank * | JNL - 20.2 - EMS - FITBANK - Testes de Mobilidade | *CT070.0001 * |" name="Entao clico no botão &quot;segundo expand&quot;" time="0"/>
  <testcase classname="| Injetor | *20.2*fitbank * | JNL - 20.2 - EMS - FITBANK - Testes de Mobilidade | *CT070.0001 * |" name="E recupero as linhas da transação" time="0"/>
  <testcase classname="| Injetor | *20.2*fitbank * | JNL - 20.2 - EMS - FITBANK - Testes de Mobilidade | *CT070.0001 * |" name="E crio o arquivo" time="0"/>
  <testcase classname="| Injetor | *20.2*fitbank * | JNL - 20.2 - EMS - FITBANK - Testes de Mobilidade | *CT070.0001 * |" name="E escrevo as informações no arquivo" time="0"/>
  <testcase classname="| Injetor | *20.2*fitbank * | JNL - 20.2 - EMS - FITBANK - Testes de Mobilidade | *CT070.0001 * |" name="| Injetor | *20.2*fitbank * | JNL - 20.2 - EMS - FITBANK - Testes de Mobilidade | *CT070.0001 * |" time="0"/>
  <testcase classname="| Injetor | *20.2*fitbank * | JNL - 20.2 - EMS - FITBANK - Testes de Mobilidade | *CT070.0003 * |" name="Dado usuário está na tela &quot;project list&quot;" time="0"/>
  <testcase classname="| Injetor | *20.2*fitbank * | JNL - 20.2 - EMS - FITBANK - Testes de Mobilidade | *CT070.0003 * |" name="Entao clico no botão &quot;ambiente&quot;" time="0"/>
  <testcase classname="| Injetor | *20.2*fitbank * | JNL - 20.2 - EMS - FITBANK - Testes de Mobilidade | *CT070.0003 * |" name="Entao seleciono lista &quot;lista ambientes&quot; &quot;Injetor&quot;" time="0"/>
  <testcase classname="| Injetor | *20.2*fitbank * | JNL - 20.2 - EMS - FITBANK - Testes de Mobilidade | *CT070.0003 * |" name="Entao clico no botão &quot;filtro&quot;" time="0"/>
  <testcase classname="| Injetor | *20.2*fitbank * | JNL - 20.2 - EMS - FITBANK - Testes de Mobilidade | *CT070.0003 * |" name="E insiro no campo &quot;nome&quot; &quot;*20.2*fitbank *&quot;" time="0"/>
  <testcase classname="| Injetor | *20.2*fitbank * | JNL - 20.2 - EMS - FITBANK - Testes de Mobilidade | *CT070.0003 * |" name="Entao clico no botão &quot;enviar&quot;" time="0"/>
  <testcase classname="| Injetor | *20.2*fitbank * | JNL - 20.2 - EMS - FITBANK - Testes de Mobilidade | *CT070.0003 * |" name="Entao seleciono campo &quot;projeto&quot; na tabela com valor &quot;JNL - 20.2 - EMS - FITBANK - Testes de Mobilidade&quot;" time="0"/>
  <testcase classname="| Injetor | *20.2*fitbank * | JNL - 20.2 - EMS - FITBANK - Testes de Mobilidade | *CT070.0003 * |" name="Entao clico no botão &quot;ciclo&quot;" time="0"/>
  <testcase classname="| Injetor | *20.2*fitbank * | JNL - 20.2 - EMS - FITBANK - Testes de Mobilidade | *CT070.0003 * |" name="E mudo de tela para &quot;project execution&quot;" time="0"/>
  <testcase classname="| Injetor | *20.2*fitbank * | JNL - 20.2 - EMS - FITBANK - Testes de Mobilidade | *CT070.0003 * |" name="Entao clico no botão &quot;filtro&quot;" time="0"/>
  <testcase classname="| Injetor | *20.2*fitbank * | JNL - 20.2 - EMS - FITBANK - Testes de Mobilidade | *CT070.0003 * |" name="E insiro no campo &quot;nome&quot; &quot;*CT070.0003 *&quot;" time="0"/>
  <testcase classname="| Injetor | *20.2*fitbank * | JNL - 20.2 - EMS - FITBANK - Testes de Mobilidade | *CT070.0003 * |" name="Entao clico no botão &quot;enviar&quot;" time="0"/>
  <testcase classname="| Injetor | *20.2*fitbank * | JNL - 20.2 - EMS - FITBANK - Testes de Mobilidade | *CT070.0003 * |" name="E seleciono o campo &quot;caso de teste&quot;" time="0"/>
  <testcase classname="| Injetor | *20.2*fitbank * | JNL - 20.2 - EMS - FITBANK - Testes de Mobilidade | *CT070.0003 * |" name="Entao clico no botão &quot;executar teste&quot;" time="0"/>
  <testcase classname="| Injetor | *20.2*fitbank * | JNL - 20.2 - EMS - FITBANK - Testes de Mobilidade | *CT070.0003 * |" name="E valido o campo &quot;resultado teste&quot;" time="0"/>
  <testcase classname="| Injetor | *20.2*fitbank * | JNL - 20.2 - EMS - FITBANK - Testes de Mobilidade | *CT070.0003 * |" name="E seleciono o campo &quot;caso de teste&quot;" time="0"/>
  <testcase classname="| Injetor | *20.2*fitbank * | JNL - 20.2 - EMS - FITBANK - Testes de Mobilidade | *CT070.0003 * |" name="E adiciono header ao arquivo" time="0"/>
  <testcase classname="| Injetor | *20.2*fitbank * | JNL - 20.2 - EMS - FITBANK - Testes de Mobilidade | *CT070.0003 * |" name="Entao clico no botão &quot;lupa&quot;" time="0"/>
  <testcase classname="| Injetor | *20.2*fitbank * | JNL - 20.2 - EMS - FITBANK - Testes de Mobilidade | *CT070.0003 * |" name="Entao clico no botão &quot;primeiro expand&quot;" time="0"/>
  <testcase classname="| Injetor | *20.2*fitbank * | JNL - 20.2 - EMS - FITBANK - Testes de Mobilidade | *CT070.0003 * |" name="Entao clico no botão &quot;segundo expand&quot;" time="0"/>
  <testcase classname="| Injetor | *20.2*fitbank * | JNL - 20.2 - EMS - FITBANK - Testes de Mobilidade | *CT070.0003 * |" name="E recupero as linhas da transação" time="0"/>
  <testcase classname="| Injetor | *20.2*fitbank * | JNL - 20.2 - EMS - FITBANK - Testes de Mobilidade | *CT070.0003 * |" name="E crio o arquivo" time="0"/>
  <testcase classname="| Injetor | *20.2*fitbank * | JNL - 20.2 - EMS - FITBANK - Testes de Mobilidade | *CT070.0003 * |" name="E escrevo as informações no arquivo" time="0"/>
  <testcase classname="| Injetor | *20.2*fitbank * | JNL - 20.2 - EMS - FITBANK - Testes de Mobilidade | *CT070.0003 * |" name="| Injetor | *20.2*fitbank * | JNL - 20.2 - EMS - FITBANK - Testes de Mobilidade | *CT070.0003 * |" time="0"/>
  <testcase classname="| Injetor | *20.2*fitbank * | JNL - 20.2 - EMS - FITBANK - Testes de Mobilidade | *CT070.0003 * |" name="Dado usuário está na tela &quot;project list&quot;" time="0"/>
  <testcase classname="| Injetor | *20.2*fitbank * | JNL - 20.2 - EMS - FITBANK - Testes de Mobilidade | *CT070.0003 * |" name="Entao clico no botão &quot;ambiente&quot;" time="0"/>
  <testcase classname="| Injetor | *20.2*fitbank * | JNL - 20.2 - EMS - FITBANK - Testes de Mobilidade | *CT070.0003 * |" name="Entao seleciono lista &quot;lista ambientes&quot; &quot;Injetor&quot;" time="0"/>
  <testcase classname="| Injetor | *20.2*fitbank * | JNL - 20.2 - EMS - FITBANK - Testes de Mobilidade | *CT070.0003 * |" name="Entao clico no botão &quot;filtro&quot;" time="0"/>
  <testcase classname="| Injetor | *20.2*fitbank * | JNL - 20.2 - EMS - FITBANK - Testes de Mobilidade | *CT070.0003 * |" name="E insiro no campo &quot;nome&quot; &quot;*20.2*fitbank *&quot;" time="0"/>
  <testcase classname="| Injetor | *20.2*fitbank * | JNL - 20.2 - EMS - FITBANK - Testes de Mobilidade | *CT070.0003 * |" name="Entao clico no botão &quot;enviar&quot;" time="0"/>
  <testcase classname="| Injetor | *20.2*fitbank * | JNL - 20.2 - EMS - FITBANK - Testes de Mobilidade | *CT070.0003 * |" name="Entao seleciono campo &quot;projeto&quot; na tabela com valor &quot;JNL - 20.2 - EMS - FITBANK - Testes de Mobilidade&quot;" time="0"/>
  <testcase classname="| Injetor | *20.2*fitbank * | JNL - 20.2 - EMS - FITBANK - Testes de Mobilidade | *CT070.0003 * |" name="Entao clico no botão &quot;ciclo&quot;" time="0"/>
  <testcase classname="| Injetor | *20.2*fitbank * | JNL - 20.2 - EMS - FITBANK - Testes de Mobilidade | *CT070.0003 * |" name="E mudo de tela para &quot;project execution&quot;" time="0"/>
  <testcase classname="| Injetor | *20.2*fitbank * | JNL - 20.2 - EMS - FITBANK - Testes de Mobilidade | *CT070.0003 * |" name="Entao clico no botão &quot;filtro&quot;" time="0"/>
  <testcase classname="| Injetor | *20.2*fitbank * | JNL - 20.2 - EMS - FITBANK - Testes de Mobilidade | *CT070.0003 * |" name="E insiro no campo &quot;nome&quot; &quot;*CT070.0003 *&quot;" time="0"/>
  <testcase classname="| Injetor | *20.2*fitbank * | JNL - 20.2 - EMS - FITBANK - Testes de Mobilidade | *CT070.0003 * |" name="Entao clico no botão &quot;enviar&quot;" time="0"/>
  <testcase classname="| Injetor | *20.2*fitbank * | JNL - 20.2 - EMS - FITBANK - Testes de Mobilidade | *CT070.0003 * |" name="E seleciono o campo &quot;caso de teste&quot;" time="0"/>
  <testcase classname="| Injetor | *20.2*fitbank * | JNL - 20.2 - EMS - FITBANK - Testes de Mobilidade | *CT070.0003 * |" name="Entao clico no botão &quot;executar teste&quot;" time="0"/>
  <testcase classname="| Injetor | *20.2*fitbank * | JNL - 20.2 - EMS - FITBANK - Testes de Mobilidade | *CT070.0003 * |" name="E valido o campo &quot;resultado teste&quot;" time="0"/>
  <testcase classname="| Injetor | *20.2*fitbank * | JNL - 20.2 - EMS - FITBANK - Testes de Mobilidade | *CT070.0003 * |" name="E seleciono o campo &quot;caso de teste&quot;" time="0"/>
  <testcase classname="| Injetor | *20.2*fitbank * | JNL - 20.2 - EMS - FITBANK - Testes de Mobilidade | *CT070.0003 * |" name="E adiciono header ao arquivo" time="0"/>
  <testcase classname="| Injetor | *20.2*fitbank * | JNL - 20.2 - EMS - FITBANK - Testes de Mobilidade | *CT070.0003 * |" name="Entao clico no botão &quot;lupa&quot;" time="0"/>
  <testcase classname="| Injetor | *20.2*fitbank * | JNL - 20.2 - EMS - FITBANK - Testes de Mobilidade | *CT070.0003 * |" name="Entao clico no botão &quot;primeiro expand&quot;" time="0.003">
    <error message="stale element reference: element is not attached to the page document
  (Session info: chrome=88.0.4324.150)
For documentation on this error, please visit: http://seleniumhq.org/exceptions/stale_element_reference.html
Build info: version: &apos;3.8.0&apos;, revision: &apos;924c4067df&apos;, time: &apos;2017-11-30T11:20:39.408Z&apos;
System info: host: &apos;PWFAB1480&apos;, ip: &apos;10.3.24.37&apos;, os.name: &apos;Windows 10&apos;, os.arch: &apos;amd64&apos;, os.version: &apos;10.0&apos;, java.version: &apos;1.8.0_241&apos;
Driver info: org.openqa.selenium.chrome.ChromeDriver
Capabilities {acceptInsecureCerts: false, browserName: chrome, browserVersion: 88.0.4324.150, chrome: {chromedriverVersion: 87.0.4280.88 (89e2380a3e36c..., userDataDir: C:\Users\GUILHE~1.OLI\AppDa...}, goog:chromeOptions: {debuggerAddress: localhost:54244}, javascriptEnabled: true, networkConnectionEnabled: false, pageLoadStrategy: normal, platform: WINDOWS, platformName: WINDOWS, proxy: Proxy(), setWindowRect: true, strictFileInteractability: false, timeouts: {implicit: 0, pageLoad: 300000, script: 30000}, unhandledPromptBehavior: dismiss and notify, webauthn:virtualAuthenticators: true}
Session ID: 751a99665cf20d5d6d2dfa1f52a350a4" type="org.openqa.selenium.StaleElementReferenceException">org.openqa.selenium.StaleElementReferenceException: stale element reference: element is not attached to the page document
  (Session info: chrome=88.0.4324.150)
For documentation on this error, please visit: http://seleniumhq.org/exceptions/stale_element_reference.html
Build info: version: &apos;3.8.0&apos;, revision: &apos;924c4067df&apos;, time: &apos;2017-11-30T11:20:39.408Z&apos;
System info: host: &apos;PWFAB1480&apos;, ip: &apos;10.3.24.37&apos;, os.name: &apos;Windows 10&apos;, os.arch: &apos;amd64&apos;, os.version: &apos;10.0&apos;, java.version: &apos;1.8.0_241&apos;
Driver info: org.openqa.selenium.chrome.ChromeDriver
Capabilities {acceptInsecureCerts: false, browserName: chrome, browserVersion: 88.0.4324.150, chrome: {chromedriverVersion: 87.0.4280.88 (89e2380a3e36c..., userDataDir: C:\Users\GUILHE~1.OLI\AppDa...}, goog:chromeOptions: {debuggerAddress: localhost:54244}, javascriptEnabled: true, networkConnectionEnabled: false, pageLoadStrategy: normal, platform: WINDOWS, platformName: WINDOWS, proxy: Proxy(), setWindowRect: true, strictFileInteractability: false, timeouts: {implicit: 0, pageLoad: 300000, script: 30000}, unhandledPromptBehavior: dismiss and notify, webauthn:virtualAuthenticators: true}
Session ID: 751a99665cf20d5d6d2dfa1f52a350a4
	at sun.reflect.NativeConstructorAccessorImpl.newInstance0(Native Method)
	at sun.reflect.NativeConstructorAccessorImpl.newInstance(Unknown Source)
	at sun.reflect.DelegatingConstructorAccessorImpl.newInstance(Unknown Source)
	at java.lang.reflect.Constructor.newInstance(Unknown Source)
	at org.openqa.selenium.remote.http.W3CHttpResponseCodec.createException(W3CHttpResponseCodec.java:187)
	at org.openqa.selenium.remote.http.W3CHttpResponseCodec.decode(W3CHttpResponseCodec.java:122)
	at org.openqa.selenium.remote.http.W3CHttpResponseCodec.decode(W3CHttpResponseCodec.java:49)
	at org.openqa.selenium.remote.HttpCommandExecutor.execute(HttpCommandExecutor.java:164)
	at org.openqa.selenium.remote.service.DriverCommandExecutor.execute(DriverCommandExecutor.java:83)
	at org.openqa.selenium.remote.RemoteWebDriver.execute(RemoteWebDriver.java:601)
	at org.openqa.selenium.remote.RemoteWebElement.execute(RemoteWebElement.java:279)
	at org.openqa.selenium.remote.RemoteWebElement.click(RemoteWebElement.java:83)
	at sun.reflect.GeneratedMethodAccessor5.invoke(Unknown Source)
	at sun.reflect.DelegatingMethodAccessorImpl.invoke(Unknown Source)
	at java.lang.reflect.Method.invoke(Unknown Source)
	at org.openqa.selenium.support.pagefactory.internal.LocatingElementHandler.invoke(LocatingElementHandler.java:51)
	at com.sun.proxy.$Proxy18.click(Unknown Source)
	at functions.Eventos.clicaElemento(Eventos.java:75)
	at functions.Actions.clicarBotao(Actions.java:27)
	at stepDefinitions.commonSD.clicoNoBotão(commonSD.java:33)
	at ✽.Entao clico no botão &quot;primeiro expand&quot;(common.feature:47)
</error>
  </testcase>
  <testcase classname="| Injetor | *20.2*fitbank * | JNL - 20.2 - EMS - FITBANK - Testes de Mobilidade | *CT070.0003 * |" name="| Injetor | *20.2*fitbank * | JNL - 20.2 - EMS - FITBANK - Testes de Mobilidade | *CT070.0003 * |" time="0.003">
    <error message="stale element reference: element is not attached to the page document
  (Session info: chrome=88.0.4324.150)
For documentation on this error, please visit: http://seleniumhq.org/exceptions/stale_element_reference.html
Build info: version: &apos;3.8.0&apos;, revision: &apos;924c4067df&apos;, time: &apos;2017-11-30T11:20:39.408Z&apos;
System info: host: &apos;PWFAB1480&apos;, ip: &apos;10.3.24.37&apos;, os.name: &apos;Windows 10&apos;, os.arch: &apos;amd64&apos;, os.version: &apos;10.0&apos;, java.version: &apos;1.8.0_241&apos;
Driver info: org.openqa.selenium.chrome.ChromeDriver
Capabilities {acceptInsecureCerts: false, browserName: chrome, browserVersion: 88.0.4324.150, chrome: {chromedriverVersion: 87.0.4280.88 (89e2380a3e36c..., userDataDir: C:\Users\GUILHE~1.OLI\AppDa...}, goog:chromeOptions: {debuggerAddress: localhost:54244}, javascriptEnabled: true, networkConnectionEnabled: false, pageLoadStrategy: normal, platform: WINDOWS, platformName: WINDOWS, proxy: Proxy(), setWindowRect: true, strictFileInteractability: false, timeouts: {implicit: 0, pageLoad: 300000, script: 30000}, unhandledPromptBehavior: dismiss and notify, webauthn:virtualAuthenticators: true}
Session ID: 751a99665cf20d5d6d2dfa1f52a350a4" type="org.openqa.selenium.StaleElementReferenceException">org.openqa.selenium.StaleElementReferenceException: stale element reference: element is not attached to the page document
  (Session info: chrome=88.0.4324.150)
For documentation on this error, please visit: http://seleniumhq.org/exceptions/stale_element_reference.html
Build info: version: &apos;3.8.0&apos;, revision: &apos;924c4067df&apos;, time: &apos;2017-11-30T11:20:39.408Z&apos;
System info: host: &apos;PWFAB1480&apos;, ip: &apos;10.3.24.37&apos;, os.name: &apos;Windows 10&apos;, os.arch: &apos;amd64&apos;, os.version: &apos;10.0&apos;, java.version: &apos;1.8.0_241&apos;
Driver info: org.openqa.selenium.chrome.ChromeDriver
Capabilities {acceptInsecureCerts: false, browserName: chrome, browserVersion: 88.0.4324.150, chrome: {chromedriverVersion: 87.0.4280.88 (89e2380a3e36c..., userDataDir: C:\Users\GUILHE~1.OLI\AppDa...}, goog:chromeOptions: {debuggerAddress: localhost:54244}, javascriptEnabled: true, networkConnectionEnabled: false, pageLoadStrategy: normal, platform: WINDOWS, platformName: WINDOWS, proxy: Proxy(), setWindowRect: true, strictFileInteractability: false, timeouts: {implicit: 0, pageLoad: 300000, script: 30000}, unhandledPromptBehavior: dismiss and notify, webauthn:virtualAuthenticators: true}
Session ID: 751a99665cf20d5d6d2dfa1f52a350a4
	at sun.reflect.NativeConstructorAccessorImpl.newInstance0(Native Method)
	at sun.reflect.NativeConstructorAccessorImpl.newInstance(Unknown Source)
	at sun.reflect.DelegatingConstructorAccessorImpl.newInstance(Unknown Source)
	at java.lang.reflect.Constructor.newInstance(Unknown Source)
	at org.openqa.selenium.remote.http.W3CHttpResponseCodec.createException(W3CHttpResponseCodec.java:187)
	at org.openqa.selenium.remote.http.W3CHttpResponseCodec.decode(W3CHttpResponseCodec.java:122)
	at org.openqa.selenium.remote.http.W3CHttpResponseCodec.decode(W3CHttpResponseCodec.java:49)
	at org.openqa.selenium.remote.HttpCommandExecutor.execute(HttpCommandExecutor.java:164)
	at org.openqa.selenium.remote.service.DriverCommandExecutor.execute(DriverCommandExecutor.java:83)
	at org.openqa.selenium.remote.RemoteWebDriver.execute(RemoteWebDriver.java:601)
	at org.openqa.selenium.remote.RemoteWebElement.execute(RemoteWebElement.java:279)
	at org.openqa.selenium.remote.RemoteWebElement.click(RemoteWebElement.java:83)
	at sun.reflect.GeneratedMethodAccessor5.invoke(Unknown Source)
	at sun.reflect.DelegatingMethodAccessorImpl.invoke(Unknown Source)
	at java.lang.reflect.Method.invoke(Unknown Source)
	at org.openqa.selenium.support.pagefactory.internal.LocatingElementHandler.invoke(LocatingElementHandler.java:51)
	at com.sun.proxy.$Proxy18.click(Unknown Source)
	at functions.Eventos.clicaElemento(Eventos.java:75)
	at functions.Actions.clicarBotao(Actions.java:27)
	at stepDefinitions.commonSD.clicoNoBotão(commonSD.java:33)
	at ✽.Entao clico no botão &quot;primeiro expand&quot;(common.feature:47)
</error>
  </testcase>
  <testcase classname="| Injetor | *20.2*fitbank * | JNL - 20.2 - EMS - FITBANK - Testes de Mobilidade | *CT070.0003 * |" name="Entao clico no botão &quot;segundo expand&quot;" time="0.003">
    <skipped/>
  </testcase>
  <testcase classname="| Injetor | *20.2*fitbank * | JNL - 20.2 - EMS - FITBANK - Testes de Mobilidade | *CT070.0003 * |" name="E recupero as linhas da transação" time="0.003">
    <skipped/>
  </testcase>
  <testcase classname="| Injetor | *20.2*fitbank * | JNL - 20.2 - EMS - FITBANK - Testes de Mobilidade | *CT070.0003 * |" name="E crio o arquivo" time="0.003">
    <skipped/>
  </testcase>
  <testcase classname="| Injetor | *20.2*fitbank * | JNL - 20.2 - EMS - FITBANK - Testes de Mobilidade | *CT070.0003 * |" name="E escrevo as informações no arquivo" time="0.003">
    <skipped/>
  </testcase>
  <testcase classname="| Injetor | *20.2*fitbank * | JNL - 20.2 - EMS - FITBANK - Testes de Mobilidade | *CT070.0003 * |" name="Dado usuário está na tela &quot;project list&quot;" time="0"/>
  <testcase classname="| Injetor | *20.2*fitbank * | JNL - 20.2 - EMS - FITBANK - Testes de Mobilidade | *CT070.0003 * |" name="Entao clico no botão &quot;ambiente&quot;" time="0"/>
  <testcase classname="| Injetor | *20.2*fitbank * | JNL - 20.2 - EMS - FITBANK - Testes de Mobilidade | *CT070.0003 * |" name="Entao seleciono lista &quot;lista ambientes&quot; &quot;Injetor&quot;" time="0"/>
  <testcase classname="| Injetor | *20.2*fitbank * | JNL - 20.2 - EMS - FITBANK - Testes de Mobilidade | *CT070.0003 * |" name="Entao clico no botão &quot;filtro&quot;" time="0"/>
  <testcase classname="| Injetor | *20.2*fitbank * | JNL - 20.2 - EMS - FITBANK - Testes de Mobilidade | *CT070.0003 * |" name="E insiro no campo &quot;nome&quot; &quot;*20.2*fitbank *&quot;" time="0"/>
  <testcase classname="| Injetor | *20.2*fitbank * | JNL - 20.2 - EMS - FITBANK - Testes de Mobilidade | *CT070.0003 * |" name="Entao clico no botão &quot;enviar&quot;" time="0"/>
  <testcase classname="| Injetor | *20.2*fitbank * | JNL - 20.2 - EMS - FITBANK - Testes de Mobilidade | *CT070.0003 * |" name="Entao seleciono campo &quot;projeto&quot; na tabela com valor &quot;JNL - 20.2 - EMS - FITBANK - Testes de Mobilidade&quot;" time="0"/>
  <testcase classname="| Injetor | *20.2*fitbank * | JNL - 20.2 - EMS - FITBANK - Testes de Mobilidade | *CT070.0003 * |" name="Entao clico no botão &quot;ciclo&quot;" time="0"/>
  <testcase classname="| Injetor | *20.2*fitbank * | JNL - 20.2 - EMS - FITBANK - Testes de Mobilidade | *CT070.0003 * |" name="E mudo de tela para &quot;project execution&quot;" time="0"/>
  <testcase classname="| Injetor | *20.2*fitbank * | JNL - 20.2 - EMS - FITBANK - Testes de Mobilidade | *CT070.0003 * |" name="Entao clico no botão &quot;filtro&quot;" time="0"/>
  <testcase classname="| Injetor | *20.2*fitbank * | JNL - 20.2 - EMS - FITBANK - Testes de Mobilidade | *CT070.0003 * |" name="E insiro no campo &quot;nome&quot; &quot;*CT070.0003 *&quot;" time="0"/>
  <testcase classname="| Injetor | *20.2*fitbank * | JNL - 20.2 - EMS - FITBANK - Testes de Mobilidade | *CT070.0003 * |" name="Entao clico no botão &quot;enviar&quot;" time="0"/>
  <testcase classname="| Injetor | *20.2*fitbank * | JNL - 20.2 - EMS - FITBANK - Testes de Mobilidade | *CT070.0003 * |" name="E seleciono o campo &quot;caso de teste&quot;" time="0"/>
  <testcase classname="| Injetor | *20.2*fitbank * | JNL - 20.2 - EMS - FITBANK - Testes de Mobilidade | *CT070.0003 * |" name="Entao clico no botão &quot;executar teste&quot;" time="0"/>
  <testcase classname="| Injetor | *20.2*fitbank * | JNL - 20.2 - EMS - FITBANK - Testes de Mobilidade | *CT070.0003 * |" name="E valido o campo &quot;resultado teste&quot;" time="0"/>
  <testcase classname="| Injetor | *20.2*fitbank * | JNL - 20.2 - EMS - FITBANK - Testes de Mobilidade | *CT070.0003 * |" name="E seleciono o campo &quot;caso de teste&quot;" time="0"/>
  <testcase classname="| Injetor | *20.2*fitbank * | JNL - 20.2 - EMS - FITBANK - Testes de Mobilidade | *CT070.0003 * |" name="E adiciono header ao arquivo" time="0"/>
  <testcase classname="| Injetor | *20.2*fitbank * | JNL - 20.2 - EMS - FITBANK - Testes de Mobilidade | *CT070.0003 * |" name="Entao clico no botão &quot;lupa&quot;" time="0"/>
  <testcase classname="| Injetor | *20.2*fitbank * | JNL - 20.2 - EMS - FITBANK - Testes de Mobilidade | *CT070.0003 * |" name="Entao clico no botão &quot;primeiro expand&quot;" time="0"/>
  <testcase classname="| Injetor | *20.2*fitbank * | JNL - 20.2 - EMS - FITBANK - Testes de Mobilidade | *CT070.0003 * |" name="Entao clico no botão &quot;segundo expand&quot;" time="0"/>
  <testcase classname="| Injetor | *20.2*fitbank * | JNL - 20.2 - EMS - FITBANK - Testes de Mobilidade | *CT070.0003 * |" name="E recupero as linhas da transação" time="0"/>
  <testcase classname="| Injetor | *20.2*fitbank * | JNL - 20.2 - EMS - FITBANK - Testes de Mobilidade | *CT070.0003 * |" name="E crio o arquivo" time="0"/>
  <testcase classname="| Injetor | *20.2*fitbank * | JNL - 20.2 - EMS - FITBANK - Testes de Mobilidade | *CT070.0003 * |" name="E escrevo as informações no arquivo" time="0"/>
  <testcase classname="| Injetor | *20.2*fitbank * | JNL - 20.2 - EMS - FITBANK - Testes de Mobilidade | *CT070.0003 * |" name="| Injetor | *20.2*fitbank * | JNL - 20.2 - EMS - FITBANK - Testes de Mobilidade | *CT070.0003 * |" time="0"/>
  <testcase classname="| Injetor | *20.2*fitbank * | JNL - 20.2 - EMS - FITBANK - Testes de Mobilidade | *CT070.0003 * |" name="Dado usuário está na tela &quot;project list&quot;" time="0"/>
  <testcase classname="| Injetor | *20.2*fitbank * | JNL - 20.2 - EMS - FITBANK - Testes de Mobilidade | *CT070.0003 * |" name="Entao clico no botão &quot;ambiente&quot;" time="0"/>
  <testcase classname="| Injetor | *20.2*fitbank * | JNL - 20.2 - EMS - FITBANK - Testes de Mobilidade | *CT070.0003 * |" name="Entao seleciono lista &quot;lista ambientes&quot; &quot;Injetor&quot;" time="0"/>
  <testcase classname="| Injetor | *20.2*fitbank * | JNL - 20.2 - EMS - FITBANK - Testes de Mobilidade | *CT070.0003 * |" name="Entao clico no botão &quot;filtro&quot;" time="0"/>
  <testcase classname="| Injetor | *20.2*fitbank * | JNL - 20.2 - EMS - FITBANK - Testes de Mobilidade | *CT070.0003 * |" name="E insiro no campo &quot;nome&quot; &quot;*20.2*fitbank *&quot;" time="0"/>
  <testcase classname="| Injetor | *20.2*fitbank * | JNL - 20.2 - EMS - FITBANK - Testes de Mobilidade | *CT070.0003 * |" name="Entao clico no botão &quot;enviar&quot;" time="0"/>
  <testcase classname="| Injetor | *20.2*fitbank * | JNL - 20.2 - EMS - FITBANK - Testes de Mobilidade | *CT070.0003 * |" name="Entao seleciono campo &quot;projeto&quot; na tabela com valor &quot;JNL - 20.2 - EMS - FITBANK - Testes de Mobilidade&quot;" time="0"/>
  <testcase classname="| Injetor | *20.2*fitbank * | JNL - 20.2 - EMS - FITBANK - Testes de Mobilidade | *CT070.0003 * |" name="Entao clico no botão &quot;ciclo&quot;" time="0"/>
  <testcase classname="| Injetor | *20.2*fitbank * | JNL - 20.2 - EMS - FITBANK - Testes de Mobilidade | *CT070.0003 * |" name="E mudo de tela para &quot;project execution&quot;" time="0"/>
  <testcase classname="| Injetor | *20.2*fitbank * | JNL - 20.2 - EMS - FITBANK - Testes de Mobilidade | *CT070.0003 * |" name="Entao clico no botão &quot;filtro&quot;" time="0"/>
  <testcase classname="| Injetor | *20.2*fitbank * | JNL - 20.2 - EMS - FITBANK - Testes de Mobilidade | *CT070.0003 * |" name="E insiro no campo &quot;nome&quot; &quot;*CT070.0003 *&quot;" time="0"/>
  <testcase classname="| Injetor | *20.2*fitbank * | JNL - 20.2 - EMS - FITBANK - Testes de Mobilidade | *CT070.0003 * |" name="Entao clico no botão &quot;enviar&quot;" time="0"/>
  <testcase classname="| Injetor | *20.2*fitbank * | JNL - 20.2 - EMS - FITBANK - Testes de Mobilidade | *CT070.0003 * |" name="E seleciono o campo &quot;caso de teste&quot;" time="0"/>
  <testcase classname="| Injetor | *20.2*fitbank * | JNL - 20.2 - EMS - FITBANK - Testes de Mobilidade | *CT070.0003 * |" name="Entao clico no botão &quot;executar teste&quot;" time="0"/>
  <testcase classname="| Injetor | *20.2*fitbank * | JNL - 20.2 - EMS - FITBANK - Testes de Mobilidade | *CT070.0003 * |" name="E valido o campo &quot;resultado teste&quot;" time="0"/>
  <testcase classname="| Injetor | *20.2*fitbank * | JNL - 20.2 - EMS - FITBANK - Testes de Mobilidade | *CT070.0003 * |" name="E seleciono o campo &quot;caso de teste&quot;" time="0"/>
  <testcase classname="| Injetor | *20.2*fitbank * | JNL - 20.2 - EMS - FITBANK - Testes de Mobilidade | *CT070.0003 * |" name="E adiciono header ao arquivo" time="0"/>
  <testcase classname="| Injetor | *20.2*fitbank * | JNL - 20.2 - EMS - FITBANK - Testes de Mobilidade | *CT070.0003 * |" name="Entao clico no botão &quot;lupa&quot;" time="0"/>
  <testcase classname="| Injetor | *20.2*fitbank * | JNL - 20.2 - EMS - FITBANK - Testes de Mobilidade | *CT070.0003 * |" name="Entao clico no botão &quot;primeiro expand&quot;" time="0"/>
  <testcase classname="| Injetor | *20.2*fitbank * | JNL - 20.2 - EMS - FITBANK - Testes de Mobilidade | *CT070.0003 * |" name="Entao clico no botão &quot;segundo expand&quot;" time="0"/>
  <testcase classname="| Injetor | *20.2*fitbank * | JNL - 20.2 - EMS - FITBANK - Testes de Mobilidade | *CT070.0003 * |" name="E recupero as linhas da transação" time="0"/>
  <testcase classname="| Injetor | *20.2*fitbank * | JNL - 20.2 - EMS - FITBANK - Testes de Mobilidade | *CT070.0003 * |" name="E crio o arquivo" time="0"/>
  <testcase classname="| Injetor | *20.2*fitbank * | JNL - 20.2 - EMS - FITBANK - Testes de Mobilidade | *CT070.0003 * |" name="E escrevo as informações no arquivo" time="0"/>
  <testcase classname="| Injetor | *20.2*fitbank * | JNL - 20.2 - EMS - FITBANK - Testes de Mobilidade | *CT070.0003 * |" name="| Injetor | *20.2*fitbank * | JNL - 20.2 - EMS - FITBANK - Testes de Mobilidade | *CT070.0003 * |" time="0"/>
  <testcase classname="| Injetor | *20.2*fitbank * | JNL - 20.2 - EMS - FITBANK - Testes de Mobilidade | *CT070.0005 * |" name="Dado usuário está na tela &quot;project list&quot;" time="0"/>
  <testcase classname="| Injetor | *20.2*fitbank * | JNL - 20.2 - EMS - FITBANK - Testes de Mobilidade | *CT070.0005 * |" name="Entao clico no botão &quot;ambiente&quot;" time="0"/>
  <testcase classname="| Injetor | *20.2*fitbank * | JNL - 20.2 - EMS - FITBANK - Testes de Mobilidade | *CT070.0005 * |" name="Entao seleciono lista &quot;lista ambientes&quot; &quot;Injetor&quot;" time="0"/>
  <testcase classname="| Injetor | *20.2*fitbank * | JNL - 20.2 - EMS - FITBANK - Testes de Mobilidade | *CT070.0005 * |" name="Entao clico no botão &quot;filtro&quot;" time="0"/>
  <testcase classname="| Injetor | *20.2*fitbank * | JNL - 20.2 - EMS - FITBANK - Testes de Mobilidade | *CT070.0005 * |" name="E insiro no campo &quot;nome&quot; &quot;*20.2*fitbank *&quot;" time="0"/>
  <testcase classname="| Injetor | *20.2*fitbank * | JNL - 20.2 - EMS - FITBANK - Testes de Mobilidade | *CT070.0005 * |" name="Entao clico no botão &quot;enviar&quot;" time="0"/>
  <testcase classname="| Injetor | *20.2*fitbank * | JNL - 20.2 - EMS - FITBANK - Testes de Mobilidade | *CT070.0005 * |" name="Entao seleciono campo &quot;projeto&quot; na tabela com valor &quot;JNL - 20.2 - EMS - FITBANK - Testes de Mobilidade&quot;" time="0"/>
  <testcase classname="| Injetor | *20.2*fitbank * | JNL - 20.2 - EMS - FITBANK - Testes de Mobilidade | *CT070.0005 * |" name="Entao clico no botão &quot;ciclo&quot;" time="0"/>
  <testcase classname="| Injetor | *20.2*fitbank * | JNL - 20.2 - EMS - FITBANK - Testes de Mobilidade | *CT070.0005 * |" name="E mudo de tela para &quot;project execution&quot;" time="0"/>
  <testcase classname="| Injetor | *20.2*fitbank * | JNL - 20.2 - EMS - FITBANK - Testes de Mobilidade | *CT070.0005 * |" name="Entao clico no botão &quot;filtro&quot;" time="0"/>
  <testcase classname="| Injetor | *20.2*fitbank * | JNL - 20.2 - EMS - FITBANK - Testes de Mobilidade | *CT070.0005 * |" name="E insiro no campo &quot;nome&quot; &quot;*CT070.0005 *&quot;" time="0"/>
  <testcase classname="| Injetor | *20.2*fitbank * | JNL - 20.2 - EMS - FITBANK - Testes de Mobilidade | *CT070.0005 * |" name="Entao clico no botão &quot;enviar&quot;" time="0"/>
  <testcase classname="| Injetor | *20.2*fitbank * | JNL - 20.2 - EMS - FITBANK - Testes de Mobilidade | *CT070.0005 * |" name="E seleciono o campo &quot;caso de teste&quot;" time="0"/>
  <testcase classname="| Injetor | *20.2*fitbank * | JNL - 20.2 - EMS - FITBANK - Testes de Mobilidade | *CT070.0005 * |" name="Entao clico no botão &quot;executar teste&quot;" time="0"/>
  <testcase classname="| Injetor | *20.2*fitbank * | JNL - 20.2 - EMS - FITBANK - Testes de Mobilidade | *CT070.0005 * |" name="E valido o campo &quot;resultado teste&quot;" time="0"/>
  <testcase classname="| Injetor | *20.2*fitbank * | JNL - 20.2 - EMS - FITBANK - Testes de Mobilidade | *CT070.0005 * |" name="E seleciono o campo &quot;caso de teste&quot;" time="0"/>
  <testcase classname="| Injetor | *20.2*fitbank * | JNL - 20.2 - EMS - FITBANK - Testes de Mobilidade | *CT070.0005 * |" name="E adiciono header ao arquivo" time="0"/>
  <testcase classname="| Injetor | *20.2*fitbank * | JNL - 20.2 - EMS - FITBANK - Testes de Mobilidade | *CT070.0005 * |" name="Entao clico no botão &quot;lupa&quot;" time="0"/>
  <testcase classname="| Injetor | *20.2*fitbank * | JNL - 20.2 - EMS - FITBANK - Testes de Mobilidade | *CT070.0005 * |" name="Entao clico no botão &quot;primeiro expand&quot;" time="0">
    <error message="stale element reference: element is not attached to the page document
  (Session info: chrome=88.0.4324.150)
For documentation on this error, please visit: http://seleniumhq.org/exceptions/stale_element_reference.html
Build info: version: &apos;3.8.0&apos;, revision: &apos;924c4067df&apos;, time: &apos;2017-11-30T11:20:39.408Z&apos;
System info: host: &apos;PWFAB1480&apos;, ip: &apos;10.3.24.37&apos;, os.name: &apos;Windows 10&apos;, os.arch: &apos;amd64&apos;, os.version: &apos;10.0&apos;, java.version: &apos;1.8.0_241&apos;
Driver info: org.openqa.selenium.chrome.ChromeDriver
Capabilities {acceptInsecureCerts: false, browserName: chrome, browserVersion: 88.0.4324.150, chrome: {chromedriverVersion: 87.0.4280.88 (89e2380a3e36c..., userDataDir: C:\Users\GUILHE~1.OLI\AppDa...}, goog:chromeOptions: {debuggerAddress: localhost:54244}, javascriptEnabled: true, networkConnectionEnabled: false, pageLoadStrategy: normal, platform: WINDOWS, platformName: WINDOWS, proxy: Proxy(), setWindowRect: true, strictFileInteractability: false, timeouts: {implicit: 0, pageLoad: 300000, script: 30000}, unhandledPromptBehavior: dismiss and notify, webauthn:virtualAuthenticators: true}
Session ID: 751a99665cf20d5d6d2dfa1f52a350a4" type="org.openqa.selenium.StaleElementReferenceException">org.openqa.selenium.StaleElementReferenceException: stale element reference: element is not attached to the page document
  (Session info: chrome=88.0.4324.150)
For documentation on this error, please visit: http://seleniumhq.org/exceptions/stale_element_reference.html
Build info: version: &apos;3.8.0&apos;, revision: &apos;924c4067df&apos;, time: &apos;2017-11-30T11:20:39.408Z&apos;
System info: host: &apos;PWFAB1480&apos;, ip: &apos;10.3.24.37&apos;, os.name: &apos;Windows 10&apos;, os.arch: &apos;amd64&apos;, os.version: &apos;10.0&apos;, java.version: &apos;1.8.0_241&apos;
Driver info: org.openqa.selenium.chrome.ChromeDriver
Capabilities {acceptInsecureCerts: false, browserName: chrome, browserVersion: 88.0.4324.150, chrome: {chromedriverVersion: 87.0.4280.88 (89e2380a3e36c..., userDataDir: C:\Users\GUILHE~1.OLI\AppDa...}, goog:chromeOptions: {debuggerAddress: localhost:54244}, javascriptEnabled: true, networkConnectionEnabled: false, pageLoadStrategy: normal, platform: WINDOWS, platformName: WINDOWS, proxy: Proxy(), setWindowRect: true, strictFileInteractability: false, timeouts: {implicit: 0, pageLoad: 300000, script: 30000}, unhandledPromptBehavior: dismiss and notify, webauthn:virtualAuthenticators: true}
Session ID: 751a99665cf20d5d6d2dfa1f52a350a4
	at sun.reflect.NativeConstructorAccessorImpl.newInstance0(Native Method)
	at sun.reflect.NativeConstructorAccessorImpl.newInstance(Unknown Source)
	at sun.reflect.DelegatingConstructorAccessorImpl.newInstance(Unknown Source)
	at java.lang.reflect.Constructor.newInstance(Unknown Source)
	at org.openqa.selenium.remote.http.W3CHttpResponseCodec.createException(W3CHttpResponseCodec.java:187)
	at org.openqa.selenium.remote.http.W3CHttpResponseCodec.decode(W3CHttpResponseCodec.java:122)
	at org.openqa.selenium.remote.http.W3CHttpResponseCodec.decode(W3CHttpResponseCodec.java:49)
	at org.openqa.selenium.remote.HttpCommandExecutor.execute(HttpCommandExecutor.java:164)
	at org.openqa.selenium.remote.service.DriverCommandExecutor.execute(DriverCommandExecutor.java:83)
	at org.openqa.selenium.remote.RemoteWebDriver.execute(RemoteWebDriver.java:601)
	at org.openqa.selenium.remote.RemoteWebElement.execute(RemoteWebElement.java:279)
	at org.openqa.selenium.remote.RemoteWebElement.click(RemoteWebElement.java:83)
	at sun.reflect.GeneratedMethodAccessor5.invoke(Unknown Source)
	at sun.reflect.DelegatingMethodAccessorImpl.invoke(Unknown Source)
	at java.lang.reflect.Method.invoke(Unknown Source)
	at org.openqa.selenium.support.pagefactory.internal.LocatingElementHandler.invoke(LocatingElementHandler.java:51)
	at com.sun.proxy.$Proxy18.click(Unknown Source)
	at functions.Eventos.clicaElemento(Eventos.java:75)
	at functions.Actions.clicarBotao(Actions.java:27)
	at stepDefinitions.commonSD.clicoNoBotão(commonSD.java:33)
	at ✽.Entao clico no botão &quot;primeiro expand&quot;(common.feature:47)
</error>
  </testcase>
  <testcase classname="| Injetor | *20.2*fitbank * | JNL - 20.2 - EMS - FITBANK - Testes de Mobilidade | *CT070.0005 * |" name="| Injetor | *20.2*fitbank * | JNL - 20.2 - EMS - FITBANK - Testes de Mobilidade | *CT070.0005 * |" time="0">
    <error message="stale element reference: element is not attached to the page document
  (Session info: chrome=88.0.4324.150)
For documentation on this error, please visit: http://seleniumhq.org/exceptions/stale_element_reference.html
Build info: version: &apos;3.8.0&apos;, revision: &apos;924c4067df&apos;, time: &apos;2017-11-30T11:20:39.408Z&apos;
System info: host: &apos;PWFAB1480&apos;, ip: &apos;10.3.24.37&apos;, os.name: &apos;Windows 10&apos;, os.arch: &apos;amd64&apos;, os.version: &apos;10.0&apos;, java.version: &apos;1.8.0_241&apos;
Driver info: org.openqa.selenium.chrome.ChromeDriver
Capabilities {acceptInsecureCerts: false, browserName: chrome, browserVersion: 88.0.4324.150, chrome: {chromedriverVersion: 87.0.4280.88 (89e2380a3e36c..., userDataDir: C:\Users\GUILHE~1.OLI\AppDa...}, goog:chromeOptions: {debuggerAddress: localhost:54244}, javascriptEnabled: true, networkConnectionEnabled: false, pageLoadStrategy: normal, platform: WINDOWS, platformName: WINDOWS, proxy: Proxy(), setWindowRect: true, strictFileInteractability: false, timeouts: {implicit: 0, pageLoad: 300000, script: 30000}, unhandledPromptBehavior: dismiss and notify, webauthn:virtualAuthenticators: true}
Session ID: 751a99665cf20d5d6d2dfa1f52a350a4" type="org.openqa.selenium.StaleElementReferenceException">org.openqa.selenium.StaleElementReferenceException: stale element reference: element is not attached to the page document
  (Session info: chrome=88.0.4324.150)
For documentation on this error, please visit: http://seleniumhq.org/exceptions/stale_element_reference.html
Build info: version: &apos;3.8.0&apos;, revision: &apos;924c4067df&apos;, time: &apos;2017-11-30T11:20:39.408Z&apos;
System info: host: &apos;PWFAB1480&apos;, ip: &apos;10.3.24.37&apos;, os.name: &apos;Windows 10&apos;, os.arch: &apos;amd64&apos;, os.version: &apos;10.0&apos;, java.version: &apos;1.8.0_241&apos;
Driver info: org.openqa.selenium.chrome.ChromeDriver
Capabilities {acceptInsecureCerts: false, browserName: chrome, browserVersion: 88.0.4324.150, chrome: {chromedriverVersion: 87.0.4280.88 (89e2380a3e36c..., userDataDir: C:\Users\GUILHE~1.OLI\AppDa...}, goog:chromeOptions: {debuggerAddress: localhost:54244}, javascriptEnabled: true, networkConnectionEnabled: false, pageLoadStrategy: normal, platform: WINDOWS, platformName: WINDOWS, proxy: Proxy(), setWindowRect: true, strictFileInteractability: false, timeouts: {implicit: 0, pageLoad: 300000, script: 30000}, unhandledPromptBehavior: dismiss and notify, webauthn:virtualAuthenticators: true}
Session ID: 751a99665cf20d5d6d2dfa1f52a350a4
	at sun.reflect.NativeConstructorAccessorImpl.newInstance0(Native Method)
	at sun.reflect.NativeConstructorAccessorImpl.newInstance(Unknown Source)
	at sun.reflect.DelegatingConstructorAccessorImpl.newInstance(Unknown Source)
	at java.lang.reflect.Constructor.newInstance(Unknown Source)
	at org.openqa.selenium.remote.http.W3CHttpResponseCodec.createException(W3CHttpResponseCodec.java:187)
	at org.openqa.selenium.remote.http.W3CHttpResponseCodec.decode(W3CHttpResponseCodec.java:122)
	at org.openqa.selenium.remote.http.W3CHttpResponseCodec.decode(W3CHttpResponseCodec.java:49)
	at org.openqa.selenium.remote.HttpCommandExecutor.execute(HttpCommandExecutor.java:164)
	at org.openqa.selenium.remote.service.DriverCommandExecutor.execute(DriverCommandExecutor.java:83)
	at org.openqa.selenium.remote.RemoteWebDriver.execute(RemoteWebDriver.java:601)
	at org.openqa.selenium.remote.RemoteWebElement.execute(RemoteWebElement.java:279)
	at org.openqa.selenium.remote.RemoteWebElement.click(RemoteWebElement.java:83)
	at sun.reflect.GeneratedMethodAccessor5.invoke(Unknown Source)
	at sun.reflect.DelegatingMethodAccessorImpl.invoke(Unknown Source)
	at java.lang.reflect.Method.invoke(Unknown Source)
	at org.openqa.selenium.support.pagefactory.internal.LocatingElementHandler.invoke(LocatingElementHandler.java:51)
	at com.sun.proxy.$Proxy18.click(Unknown Source)
	at functions.Eventos.clicaElemento(Eventos.java:75)
	at functions.Actions.clicarBotao(Actions.java:27)
	at stepDefinitions.commonSD.clicoNoBotão(commonSD.java:33)
	at ✽.Entao clico no botão &quot;primeiro expand&quot;(common.feature:47)
</error>
  </testcase>
  <testcase classname="| Injetor | *20.2*fitbank * | JNL - 20.2 - EMS - FITBANK - Testes de Mobilidade | *CT070.0005 * |" name="Entao clico no botão &quot;segundo expand&quot;" time="0">
    <skipped/>
  </testcase>
  <testcase classname="| Injetor | *20.2*fitbank * | JNL - 20.2 - EMS - FITBANK - Testes de Mobilidade | *CT070.0005 * |" name="E recupero as linhas da transação" time="0">
    <skipped/>
  </testcase>
  <testcase classname="| Injetor | *20.2*fitbank * | JNL - 20.2 - EMS - FITBANK - Testes de Mobilidade | *CT070.0005 * |" name="E crio o arquivo" time="0">
    <skipped/>
  </testcase>
  <testcase classname="| Injetor | *20.2*fitbank * | JNL - 20.2 - EMS - FITBANK - Testes de Mobilidade | *CT070.0005 * |" name="E escrevo as informações no arquivo" time="0">
    <skipped/>
  </testcase>
  <testcase classname="| Injetor | *20.2*fitbank * | JNL - 20.2 - EMS - FITBANK - Testes de Mobilidade | *CT070.0005 * |" name="Dado usuário está na tela &quot;project list&quot;" time="0"/>
  <testcase classname="| Injetor | *20.2*fitbank * | JNL - 20.2 - EMS - FITBANK - Testes de Mobilidade | *CT070.0005 * |" name="Entao clico no botão &quot;ambiente&quot;" time="0"/>
  <testcase classname="| Injetor | *20.2*fitbank * | JNL - 20.2 - EMS - FITBANK - Testes de Mobilidade | *CT070.0005 * |" name="Entao seleciono lista &quot;lista ambientes&quot; &quot;Injetor&quot;" time="0"/>
  <testcase classname="| Injetor | *20.2*fitbank * | JNL - 20.2 - EMS - FITBANK - Testes de Mobilidade | *CT070.0005 * |" name="Entao clico no botão &quot;filtro&quot;" time="0"/>
  <testcase classname="| Injetor | *20.2*fitbank * | JNL - 20.2 - EMS - FITBANK - Testes de Mobilidade | *CT070.0005 * |" name="E insiro no campo &quot;nome&quot; &quot;*20.2*fitbank *&quot;" time="0"/>
  <testcase classname="| Injetor | *20.2*fitbank * | JNL - 20.2 - EMS - FITBANK - Testes de Mobilidade | *CT070.0005 * |" name="Entao clico no botão &quot;enviar&quot;" time="0"/>
  <testcase classname="| Injetor | *20.2*fitbank * | JNL - 20.2 - EMS - FITBANK - Testes de Mobilidade | *CT070.0005 * |" name="Entao seleciono campo &quot;projeto&quot; na tabela com valor &quot;JNL - 20.2 - EMS - FITBANK - Testes de Mobilidade&quot;" time="0"/>
  <testcase classname="| Injetor | *20.2*fitbank * | JNL - 20.2 - EMS - FITBANK - Testes de Mobilidade | *CT070.0005 * |" name="Entao clico no botão &quot;ciclo&quot;" time="0"/>
  <testcase classname="| Injetor | *20.2*fitbank * | JNL - 20.2 - EMS - FITBANK - Testes de Mobilidade | *CT070.0005 * |" name="E mudo de tela para &quot;project execution&quot;" time="0"/>
  <testcase classname="| Injetor | *20.2*fitbank * | JNL - 20.2 - EMS - FITBANK - Testes de Mobilidade | *CT070.0005 * |" name="Entao clico no botão &quot;filtro&quot;" time="0"/>
  <testcase classname="| Injetor | *20.2*fitbank * | JNL - 20.2 - EMS - FITBANK - Testes de Mobilidade | *CT070.0005 * |" name="E insiro no campo &quot;nome&quot; &quot;*CT070.0005 *&quot;" time="0"/>
  <testcase classname="| Injetor | *20.2*fitbank * | JNL - 20.2 - EMS - FITBANK - Testes de Mobilidade | *CT070.0005 * |" name="Entao clico no botão &quot;enviar&quot;" time="0"/>
  <testcase classname="| Injetor | *20.2*fitbank * | JNL - 20.2 - EMS - FITBANK - Testes de Mobilidade | *CT070.0005 * |" name="E seleciono o campo &quot;caso de teste&quot;" time="0"/>
  <testcase classname="| Injetor | *20.2*fitbank * | JNL - 20.2 - EMS - FITBANK - Testes de Mobilidade | *CT070.0005 * |" name="Entao clico no botão &quot;executar teste&quot;" time="0"/>
  <testcase classname="| Injetor | *20.2*fitbank * | JNL - 20.2 - EMS - FITBANK - Testes de Mobilidade | *CT070.0005 * |" name="E valido o campo &quot;resultado teste&quot;" time="0"/>
  <testcase classname="| Injetor | *20.2*fitbank * | JNL - 20.2 - EMS - FITBANK - Testes de Mobilidade | *CT070.0005 * |" name="E seleciono o campo &quot;caso de teste&quot;" time="0"/>
  <testcase classname="| Injetor | *20.2*fitbank * | JNL - 20.2 - EMS - FITBANK - Testes de Mobilidade | *CT070.0005 * |" name="E adiciono header ao arquivo" time="0"/>
  <testcase classname="| Injetor | *20.2*fitbank * | JNL - 20.2 - EMS - FITBANK - Testes de Mobilidade | *CT070.0005 * |" name="Entao clico no botão &quot;lupa&quot;" time="0"/>
  <testcase classname="| Injetor | *20.2*fitbank * | JNL - 20.2 - EMS - FITBANK - Testes de Mobilidade | *CT070.0005 * |" name="Entao clico no botão &quot;primeiro expand&quot;" time="0">
    <error message="stale element reference: element is not attached to the page document
  (Session info: chrome=88.0.4324.150)
For documentation on this error, please visit: http://seleniumhq.org/exceptions/stale_element_reference.html
Build info: version: &apos;3.8.0&apos;, revision: &apos;924c4067df&apos;, time: &apos;2017-11-30T11:20:39.408Z&apos;
System info: host: &apos;PWFAB1480&apos;, ip: &apos;10.3.24.37&apos;, os.name: &apos;Windows 10&apos;, os.arch: &apos;amd64&apos;, os.version: &apos;10.0&apos;, java.version: &apos;1.8.0_241&apos;
Driver info: org.openqa.selenium.chrome.ChromeDriver
Capabilities {acceptInsecureCerts: false, browserName: chrome, browserVersion: 88.0.4324.150, chrome: {chromedriverVersion: 87.0.4280.88 (89e2380a3e36c..., userDataDir: C:\Users\GUILHE~1.OLI\AppDa...}, goog:chromeOptions: {debuggerAddress: localhost:54244}, javascriptEnabled: true, networkConnectionEnabled: false, pageLoadStrategy: normal, platform: WINDOWS, platformName: WINDOWS, proxy: Proxy(), setWindowRect: true, strictFileInteractability: false, timeouts: {implicit: 0, pageLoad: 300000, script: 30000}, unhandledPromptBehavior: dismiss and notify, webauthn:virtualAuthenticators: true}
Session ID: 751a99665cf20d5d6d2dfa1f52a350a4" type="org.openqa.selenium.StaleElementReferenceException">org.openqa.selenium.StaleElementReferenceException: stale element reference: element is not attached to the page document
  (Session info: chrome=88.0.4324.150)
For documentation on this error, please visit: http://seleniumhq.org/exceptions/stale_element_reference.html
Build info: version: &apos;3.8.0&apos;, revision: &apos;924c4067df&apos;, time: &apos;2017-11-30T11:20:39.408Z&apos;
System info: host: &apos;PWFAB1480&apos;, ip: &apos;10.3.24.37&apos;, os.name: &apos;Windows 10&apos;, os.arch: &apos;amd64&apos;, os.version: &apos;10.0&apos;, java.version: &apos;1.8.0_241&apos;
Driver info: org.openqa.selenium.chrome.ChromeDriver
Capabilities {acceptInsecureCerts: false, browserName: chrome, browserVersion: 88.0.4324.150, chrome: {chromedriverVersion: 87.0.4280.88 (89e2380a3e36c..., userDataDir: C:\Users\GUILHE~1.OLI\AppDa...}, goog:chromeOptions: {debuggerAddress: localhost:54244}, javascriptEnabled: true, networkConnectionEnabled: false, pageLoadStrategy: normal, platform: WINDOWS, platformName: WINDOWS, proxy: Proxy(), setWindowRect: true, strictFileInteractability: false, timeouts: {implicit: 0, pageLoad: 300000, script: 30000}, unhandledPromptBehavior: dismiss and notify, webauthn:virtualAuthenticators: true}
Session ID: 751a99665cf20d5d6d2dfa1f52a350a4
	at sun.reflect.NativeConstructorAccessorImpl.newInstance0(Native Method)
	at sun.reflect.NativeConstructorAccessorImpl.newInstance(Unknown Source)
	at sun.reflect.DelegatingConstructorAccessorImpl.newInstance(Unknown Source)
	at java.lang.reflect.Constructor.newInstance(Unknown Source)
	at org.openqa.selenium.remote.http.W3CHttpResponseCodec.createException(W3CHttpResponseCodec.java:187)
	at org.openqa.selenium.remote.http.W3CHttpResponseCodec.decode(W3CHttpResponseCodec.java:122)
	at org.openqa.selenium.remote.http.W3CHttpResponseCodec.decode(W3CHttpResponseCodec.java:49)
	at org.openqa.selenium.remote.HttpCommandExecutor.execute(HttpCommandExecutor.java:164)
	at org.openqa.selenium.remote.service.DriverCommandExecutor.execute(DriverCommandExecutor.java:83)
	at org.openqa.selenium.remote.RemoteWebDriver.execute(RemoteWebDriver.java:601)
	at org.openqa.selenium.remote.RemoteWebElement.execute(RemoteWebElement.java:279)
	at org.openqa.selenium.remote.RemoteWebElement.click(RemoteWebElement.java:83)
	at sun.reflect.GeneratedMethodAccessor5.invoke(Unknown Source)
	at sun.reflect.DelegatingMethodAccessorImpl.invoke(Unknown Source)
	at java.lang.reflect.Method.invoke(Unknown Source)
	at org.openqa.selenium.support.pagefactory.internal.LocatingElementHandler.invoke(LocatingElementHandler.java:51)
	at com.sun.proxy.$Proxy18.click(Unknown Source)
	at functions.Eventos.clicaElemento(Eventos.java:75)
	at functions.Actions.clicarBotao(Actions.java:27)
	at stepDefinitions.commonSD.clicoNoBotão(commonSD.java:33)
	at ✽.Entao clico no botão &quot;primeiro expand&quot;(common.feature:47)
</error>
  </testcase>
  <testcase classname="| Injetor | *20.2*fitbank * | JNL - 20.2 - EMS - FITBANK - Testes de Mobilidade | *CT070.0005 * |" name="| Injetor | *20.2*fitbank * | JNL - 20.2 - EMS - FITBANK - Testes de Mobilidade | *CT070.0005 * |" time="0">
    <error message="stale element reference: element is not attached to the page document
  (Session info: chrome=88.0.4324.150)
For documentation on this error, please visit: http://seleniumhq.org/exceptions/stale_element_reference.html
Build info: version: &apos;3.8.0&apos;, revision: &apos;924c4067df&apos;, time: &apos;2017-11-30T11:20:39.408Z&apos;
System info: host: &apos;PWFAB1480&apos;, ip: &apos;10.3.24.37&apos;, os.name: &apos;Windows 10&apos;, os.arch: &apos;amd64&apos;, os.version: &apos;10.0&apos;, java.version: &apos;1.8.0_241&apos;
Driver info: org.openqa.selenium.chrome.ChromeDriver
Capabilities {acceptInsecureCerts: false, browserName: chrome, browserVersion: 88.0.4324.150, chrome: {chromedriverVersion: 87.0.4280.88 (89e2380a3e36c..., userDataDir: C:\Users\GUILHE~1.OLI\AppDa...}, goog:chromeOptions: {debuggerAddress: localhost:54244}, javascriptEnabled: true, networkConnectionEnabled: false, pageLoadStrategy: normal, platform: WINDOWS, platformName: WINDOWS, proxy: Proxy(), setWindowRect: true, strictFileInteractability: false, timeouts: {implicit: 0, pageLoad: 300000, script: 30000}, unhandledPromptBehavior: dismiss and notify, webauthn:virtualAuthenticators: true}
Session ID: 751a99665cf20d5d6d2dfa1f52a350a4" type="org.openqa.selenium.StaleElementReferenceException">org.openqa.selenium.StaleElementReferenceException: stale element reference: element is not attached to the page document
  (Session info: chrome=88.0.4324.150)
For documentation on this error, please visit: http://seleniumhq.org/exceptions/stale_element_reference.html
Build info: version: &apos;3.8.0&apos;, revision: &apos;924c4067df&apos;, time: &apos;2017-11-30T11:20:39.408Z&apos;
System info: host: &apos;PWFAB1480&apos;, ip: &apos;10.3.24.37&apos;, os.name: &apos;Windows 10&apos;, os.arch: &apos;amd64&apos;, os.version: &apos;10.0&apos;, java.version: &apos;1.8.0_241&apos;
Driver info: org.openqa.selenium.chrome.ChromeDriver
Capabilities {acceptInsecureCerts: false, browserName: chrome, browserVersion: 88.0.4324.150, chrome: {chromedriverVersion: 87.0.4280.88 (89e2380a3e36c..., userDataDir: C:\Users\GUILHE~1.OLI\AppDa...}, goog:chromeOptions: {debuggerAddress: localhost:54244}, javascriptEnabled: true, networkConnectionEnabled: false, pageLoadStrategy: normal, platform: WINDOWS, platformName: WINDOWS, proxy: Proxy(), setWindowRect: true, strictFileInteractability: false, timeouts: {implicit: 0, pageLoad: 300000, script: 30000}, unhandledPromptBehavior: dismiss and notify, webauthn:virtualAuthenticators: true}
Session ID: 751a99665cf20d5d6d2dfa1f52a350a4
	at sun.reflect.NativeConstructorAccessorImpl.newInstance0(Native Method)
	at sun.reflect.NativeConstructorAccessorImpl.newInstance(Unknown Source)
	at sun.reflect.DelegatingConstructorAccessorImpl.newInstance(Unknown Source)
	at java.lang.reflect.Constructor.newInstance(Unknown Source)
	at org.openqa.selenium.remote.http.W3CHttpResponseCodec.createException(W3CHttpResponseCodec.java:187)
	at org.openqa.selenium.remote.http.W3CHttpResponseCodec.decode(W3CHttpResponseCodec.java:122)
	at org.openqa.selenium.remote.http.W3CHttpResponseCodec.decode(W3CHttpResponseCodec.java:49)
	at org.openqa.selenium.remote.HttpCommandExecutor.execute(HttpCommandExecutor.java:164)
	at org.openqa.selenium.remote.service.DriverCommandExecutor.execute(DriverCommandExecutor.java:83)
	at org.openqa.selenium.remote.RemoteWebDriver.execute(RemoteWebDriver.java:601)
	at org.openqa.selenium.remote.RemoteWebElement.execute(RemoteWebElement.java:279)
	at org.openqa.selenium.remote.RemoteWebElement.click(RemoteWebElement.java:83)
	at sun.reflect.GeneratedMethodAccessor5.invoke(Unknown Source)
	at sun.reflect.DelegatingMethodAccessorImpl.invoke(Unknown Source)
	at java.lang.reflect.Method.invoke(Unknown Source)
	at org.openqa.selenium.support.pagefactory.internal.LocatingElementHandler.invoke(LocatingElementHandler.java:51)
	at com.sun.proxy.$Proxy18.click(Unknown Source)
	at functions.Eventos.clicaElemento(Eventos.java:75)
	at functions.Actions.clicarBotao(Actions.java:27)
	at stepDefinitions.commonSD.clicoNoBotão(commonSD.java:33)
	at ✽.Entao clico no botão &quot;primeiro expand&quot;(common.feature:47)
</error>
  </testcase>
  <testcase classname="| Injetor | *20.2*fitbank * | JNL - 20.2 - EMS - FITBANK - Testes de Mobilidade | *CT070.0005 * |" name="Entao clico no botão &quot;segundo expand&quot;" time="0">
    <skipped/>
  </testcase>
  <testcase classname="| Injetor | *20.2*fitbank * | JNL - 20.2 - EMS - FITBANK - Testes de Mobilidade | *CT070.0005 * |" name="E recupero as linhas da transação" time="0">
    <skipped/>
  </testcase>
  <testcase classname="| Injetor | *20.2*fitbank * | JNL - 20.2 - EMS - FITBANK - Testes de Mobilidade | *CT070.0005 * |" name="E crio o arquivo" time="0">
    <skipped/>
  </testcase>
  <testcase classname="| Injetor | *20.2*fitbank * | JNL - 20.2 - EMS - FITBANK - Testes de Mobilidade | *CT070.0005 * |" name="E escrevo as informações no arquivo" time="0">
    <skipped/>
  </testcase>
  <testcase classname="| Injetor | *20.2*fitbank * | JNL - 20.2 - EMS - FITBANK - Testes de Mobilidade | *CT070.0005 * |" name="Dado usuário está na tela &quot;project list&quot;" time="0"/>
  <testcase classname="| Injetor | *20.2*fitbank * | JNL - 20.2 - EMS - FITBANK - Testes de Mobilidade | *CT070.0005 * |" name="Entao clico no botão &quot;ambiente&quot;" time="0"/>
  <testcase classname="| Injetor | *20.2*fitbank * | JNL - 20.2 - EMS - FITBANK - Testes de Mobilidade | *CT070.0005 * |" name="Entao seleciono lista &quot;lista ambientes&quot; &quot;Injetor&quot;" time="0"/>
  <testcase classname="| Injetor | *20.2*fitbank * | JNL - 20.2 - EMS - FITBANK - Testes de Mobilidade | *CT070.0005 * |" name="Entao clico no botão &quot;filtro&quot;" time="0"/>
  <testcase classname="| Injetor | *20.2*fitbank * | JNL - 20.2 - EMS - FITBANK - Testes de Mobilidade | *CT070.0005 * |" name="E insiro no campo &quot;nome&quot; &quot;*20.2*fitbank *&quot;" time="0"/>
  <testcase classname="| Injetor | *20.2*fitbank * | JNL - 20.2 - EMS - FITBANK - Testes de Mobilidade | *CT070.0005 * |" name="Entao clico no botão &quot;enviar&quot;" time="0"/>
  <testcase classname="| Injetor | *20.2*fitbank * | JNL - 20.2 - EMS - FITBANK - Testes de Mobilidade | *CT070.0005 * |" name="Entao seleciono campo &quot;projeto&quot; na tabela com valor &quot;JNL - 20.2 - EMS - FITBANK - Testes de Mobilidade&quot;" time="0"/>
  <testcase classname="| Injetor | *20.2*fitbank * | JNL - 20.2 - EMS - FITBANK - Testes de Mobilidade | *CT070.0005 * |" name="Entao clico no botão &quot;ciclo&quot;" time="0"/>
  <testcase classname="| Injetor | *20.2*fitbank * | JNL - 20.2 - EMS - FITBANK - Testes de Mobilidade | *CT070.0005 * |" name="E mudo de tela para &quot;project execution&quot;" time="0"/>
  <testcase classname="| Injetor | *20.2*fitbank * | JNL - 20.2 - EMS - FITBANK - Testes de Mobilidade | *CT070.0005 * |" name="Entao clico no botão &quot;filtro&quot;" time="0"/>
  <testcase classname="| Injetor | *20.2*fitbank * | JNL - 20.2 - EMS - FITBANK - Testes de Mobilidade | *CT070.0005 * |" name="E insiro no campo &quot;nome&quot; &quot;*CT070.0005 *&quot;" time="0"/>
  <testcase classname="| Injetor | *20.2*fitbank * | JNL - 20.2 - EMS - FITBANK - Testes de Mobilidade | *CT070.0005 * |" name="Entao clico no botão &quot;enviar&quot;" time="0"/>
  <testcase classname="| Injetor | *20.2*fitbank * | JNL - 20.2 - EMS - FITBANK - Testes de Mobilidade | *CT070.0005 * |" name="E seleciono o campo &quot;caso de teste&quot;" time="0"/>
  <testcase classname="| Injetor | *20.2*fitbank * | JNL - 20.2 - EMS - FITBANK - Testes de Mobilidade | *CT070.0005 * |" name="Entao clico no botão &quot;executar teste&quot;" time="0"/>
  <testcase classname="| Injetor | *20.2*fitbank * | JNL - 20.2 - EMS - FITBANK - Testes de Mobilidade | *CT070.0005 * |" name="E valido o campo &quot;resultado teste&quot;" time="0"/>
  <testcase classname="| Injetor | *20.2*fitbank * | JNL - 20.2 - EMS - FITBANK - Testes de Mobilidade | *CT070.0005 * |" name="E seleciono o campo &quot;caso de teste&quot;" time="0"/>
  <testcase classname="| Injetor | *20.2*fitbank * | JNL - 20.2 - EMS - FITBANK - Testes de Mobilidade | *CT070.0005 * |" name="E adiciono header ao arquivo" time="0"/>
  <testcase classname="| Injetor | *20.2*fitbank * | JNL - 20.2 - EMS - FITBANK - Testes de Mobilidade | *CT070.0005 * |" name="Entao clico no botão &quot;lupa&quot;" time="0"/>
  <testcase classname="| Injetor | *20.2*fitbank * | JNL - 20.2 - EMS - FITBANK - Testes de Mobilidade | *CT070.0005 * |" name="Entao clico no botão &quot;primeiro expand&quot;" time="0"/>
  <testcase classname="| Injetor | *20.2*fitbank * | JNL - 20.2 - EMS - FITBANK - Testes de Mobilidade | *CT070.0005 * |" name="Entao clico no botão &quot;segundo expand&quot;" time="0"/>
  <testcase classname="| Injetor | *20.2*fitbank * | JNL - 20.2 - EMS - FITBANK - Testes de Mobilidade | *CT070.0005 * |" name="E recupero as linhas da transação" time="0"/>
  <testcase classname="| Injetor | *20.2*fitbank * | JNL - 20.2 - EMS - FITBANK - Testes de Mobilidade | *CT070.0005 * |" name="E crio o arquivo" time="0"/>
  <testcase classname="| Injetor | *20.2*fitbank * | JNL - 20.2 - EMS - FITBANK - Testes de Mobilidade | *CT070.0005 * |" name="E escrevo as informações no arquivo" time="0"/>
  <testcase classname="| Injetor | *20.2*fitbank * | JNL - 20.2 - EMS - FITBANK - Testes de Mobilidade | *CT070.0005 * |" name="| Injetor | *20.2*fitbank * | JNL - 20.2 - EMS - FITBANK - Testes de Mobilidade | *CT070.0005 * |" time="0"/>
  <testcase classname="| Injetor | *20.2*fitbank * | JNL - 20.2 - EMS - FITBANK - Testes de Mobilidade | *CT070.0005 * |" name="Dado usuário está na tela &quot;project list&quot;" time="0"/>
  <testcase classname="| Injetor | *20.2*fitbank * | JNL - 20.2 - EMS - FITBANK - Testes de Mobilidade | *CT070.0005 * |" name="Entao clico no botão &quot;ambiente&quot;" time="0"/>
  <testcase classname="| Injetor | *20.2*fitbank * | JNL - 20.2 - EMS - FITBANK - Testes de Mobilidade | *CT070.0005 * |" name="Entao seleciono lista &quot;lista ambientes&quot; &quot;Injetor&quot;" time="0"/>
  <testcase classname="| Injetor | *20.2*fitbank * | JNL - 20.2 - EMS - FITBANK - Testes de Mobilidade | *CT070.0005 * |" name="Entao clico no botão &quot;filtro&quot;" time="0"/>
  <testcase classname="| Injetor | *20.2*fitbank * | JNL - 20.2 - EMS - FITBANK - Testes de Mobilidade | *CT070.0005 * |" name="E insiro no campo &quot;nome&quot; &quot;*20.2*fitbank *&quot;" time="0"/>
  <testcase classname="| Injetor | *20.2*fitbank * | JNL - 20.2 - EMS - FITBANK - Testes de Mobilidade | *CT070.0005 * |" name="Entao clico no botão &quot;enviar&quot;" time="0"/>
  <testcase classname="| Injetor | *20.2*fitbank * | JNL - 20.2 - EMS - FITBANK - Testes de Mobilidade | *CT070.0005 * |" name="Entao seleciono campo &quot;projeto&quot; na tabela com valor &quot;JNL - 20.2 - EMS - FITBANK - Testes de Mobilidade&quot;" time="0"/>
  <testcase classname="| Injetor | *20.2*fitbank * | JNL - 20.2 - EMS - FITBANK - Testes de Mobilidade | *CT070.0005 * |" name="Entao clico no botão &quot;ciclo&quot;" time="0"/>
  <testcase classname="| Injetor | *20.2*fitbank * | JNL - 20.2 - EMS - FITBANK - Testes de Mobilidade | *CT070.0005 * |" name="E mudo de tela para &quot;project execution&quot;" time="0"/>
  <testcase classname="| Injetor | *20.2*fitbank * | JNL - 20.2 - EMS - FITBANK - Testes de Mobilidade | *CT070.0005 * |" name="Entao clico no botão &quot;filtro&quot;" time="0"/>
  <testcase classname="| Injetor | *20.2*fitbank * | JNL - 20.2 - EMS - FITBANK - Testes de Mobilidade | *CT070.0005 * |" name="E insiro no campo &quot;nome&quot; &quot;*CT070.0005 *&quot;" time="0"/>
  <testcase classname="| Injetor | *20.2*fitbank * | JNL - 20.2 - EMS - FITBANK - Testes de Mobilidade | *CT070.0005 * |" name="Entao clico no botão &quot;enviar&quot;" time="0"/>
  <testcase classname="| Injetor | *20.2*fitbank * | JNL - 20.2 - EMS - FITBANK - Testes de Mobilidade | *CT070.0005 * |" name="E seleciono o campo &quot;caso de teste&quot;" time="0"/>
  <testcase classname="| Injetor | *20.2*fitbank * | JNL - 20.2 - EMS - FITBANK - Testes de Mobilidade | *CT070.0005 * |" name="Entao clico no botão &quot;executar teste&quot;" time="0"/>
  <testcase classname="| Injetor | *20.2*fitbank * | JNL - 20.2 - EMS - FITBANK - Testes de Mobilidade | *CT070.0005 * |" name="E valido o campo &quot;resultado teste&quot;" time="0"/>
  <testcase classname="| Injetor | *20.2*fitbank * | JNL - 20.2 - EMS - FITBANK - Testes de Mobilidade | *CT070.0005 * |" name="E seleciono o campo &quot;caso de teste&quot;" time="0"/>
[...]
  <testcase classname="| Injetor | *20.2*fitbank * | JNL - 20.2 - EMS - FITBANK - Testes de Mobilidade | *CT070.0033 * |" name="E seleciono o campo &quot;caso de teste&quot;" time="0"/>
  <testcase classname="| Injetor | *20.2*fitbank * | JNL - 20.2 - EMS - FITBANK - Testes de Mobilidade | *CT070.0033 * |" name="Entao clico no botão &quot;executar teste&quot;" time="0"/>
  <testcase classname="| Injetor | *20.2*fitbank * | JNL - 20.2 - EMS - FITBANK - Testes de Mobilidade | *CT070.0033 * |" name="E valido o campo &quot;resultado teste&quot;" time="0"/>
  <testcase classname="| Injetor | *20.2*fitbank * | JNL - 20.2 - EMS - FITBANK - Testes de Mobilidade | *CT070.0033 * |" name="E seleciono o campo &quot;caso de teste&quot;" time="0"/>
  <testcase classname="| Injetor | *20.2*fitbank * | JNL - 20.2 - EMS - FITBANK - Testes de Mobilidade | *CT070.0033 * |" name="E adiciono header ao arquivo" time="0"/>
  <testcase classname="| Injetor | *20.2*fitbank * | JNL - 20.2 - EMS - FITBANK - Testes de Mobilidade | *CT070.0033 * |" name="Entao clico no botão &quot;lupa&quot;" time="0"/>
  <testcase classname="| Injetor | *20.2*fitbank * | JNL - 20.2 - EMS - FITBANK - Testes de Mobilidade | *CT070.0033 * |" name="Entao clico no botão &quot;primeiro expand&quot;" time="0"/>
  <testcase classname="| Injetor | *20.2*fitbank * | JNL - 20.2 - EMS - FITBANK - Testes de Mobilidade | *CT070.0033 * |" name="Entao clico no botão &quot;segundo expand&quot;" time="0"/>
  <testcase classname="| Injetor | *20.2*fitbank * | JNL - 20.2 - EMS - FITBANK - Testes de Mobilidade | *CT070.0033 * |" name="E recupero as linhas da transação" time="0"/>
  <testcase classname="| Injetor | *20.2*fitbank * | JNL - 20.2 - EMS - FITBANK - Testes de Mobilidade | *CT070.0033 * |" name="E crio o arquivo" time="0"/>
  <testcase classname="| Injetor | *20.2*fitbank * | JNL - 20.2 - EMS - FITBANK - Testes de Mobilidade | *CT070.0033 * |" name="E escrevo as informações no arquivo" time="0"/>
  <testcase classname="| Injetor | *20.2*fitbank * | JNL - 20.2 - EMS - FITBANK - Testes de Mobilidade | *CT070.0033 * |" name="| Injetor | *20.2*fitbank * | JNL - 20.2 - EMS - FITBANK - Testes de Mobilidade | *CT070.0033 * |" time="0"/>
  <testcase classname="| Injetor | *20.2*fitbank * | JNL - 20.2 - EMS - FITBANK - Testes de Mobilidade | *CT070.0033 * |" name="Dado usuário está na tela &quot;project list&quot;" time="0"/>
  <testcase classname="| Injetor | *20.2*fitbank * | JNL - 20.2 - EMS - FITBANK - Testes de Mobilidade | *CT070.0033 * |" name="Entao clico no botão &quot;ambiente&quot;" time="0"/>
  <testcase classname="| Injetor | *20.2*fitbank * | JNL - 20.2 - EMS - FITBANK - Testes de Mobilidade | *CT070.0033 * |" name="Entao seleciono lista &quot;lista ambientes&quot; &quot;Injetor&quot;" time="0"/>
  <testcase classname="| Injetor | *20.2*fitbank * | JNL - 20.2 - EMS - FITBANK - Testes de Mobilidade | *CT070.0033 * |" name="Entao clico no botão &quot;filtro&quot;" time="0"/>
  <testcase classname="| Injetor | *20.2*fitbank * | JNL - 20.2 - EMS - FITBANK - Testes de Mobilidade | *CT070.0033 * |" name="E insiro no campo &quot;nome&quot; &quot;*20.2*fitbank *&quot;" time="0"/>
  <testcase classname="| Injetor | *20.2*fitbank * | JNL - 20.2 - EMS - FITBANK - Testes de Mobilidade | *CT070.0033 * |" name="Entao clico no botão &quot;enviar&quot;" time="0"/>
  <testcase classname="| Injetor | *20.2*fitbank * | JNL - 20.2 - EMS - FITBANK - Testes de Mobilidade | *CT070.0033 * |" name="Entao seleciono campo &quot;projeto&quot; na tabela com valor &quot;JNL - 20.2 - EMS - FITBANK - Testes de Mobilidade&quot;" time="0"/>
  <testcase classname="| Injetor | *20.2*fitbank * | JNL - 20.2 - EMS - FITBANK - Testes de Mobilidade | *CT070.0033 * |" name="Entao clico no botão &quot;ciclo&quot;" time="0"/>
  <testcase classname="| Injetor | *20.2*fitbank * | JNL - 20.2 - EMS - FITBANK - Testes de Mobilidade | *CT070.0033 * |" name="E mudo de tela para &quot;project execution&quot;" time="0"/>
  <testcase classname="| Injetor | *20.2*fitbank * | JNL - 20.2 - EMS - FITBANK - Testes de Mobilidade | *CT070.0033 * |" name="Entao clico no botão &quot;filtro&quot;" time="0"/>
  <testcase classname="| Injetor | *20.2*fitbank * | JNL - 20.2 - EMS - FITBANK - Testes de Mobilidade | *CT070.0033 * |" name="E insiro no campo &quot;nome&quot; &quot;*CT070.0033 *&quot;" time="0"/>
  <testcase classname="| Injetor | *20.2*fitbank * | JNL - 20.2 - EMS - FITBANK - Testes de Mobilidade | *CT070.0033 * |" name="Entao clico no botão &quot;enviar&quot;" time="0"/>
  <testcase classname="| Injetor | *20.2*fitbank * | JNL - 20.2 - EMS - FITBANK - Testes de Mobilidade | *CT070.0033 * |" name="E seleciono o campo &quot;caso de teste&quot;" time="0"/>
  <testcase classname="| Injetor | *20.2*fitbank * | JNL - 20.2 - EMS - FITBANK - Testes de Mobilidade | *CT070.0033 * |" name="Entao clico no botão &quot;executar teste&quot;" time="0"/>
  <testcase classname="| Injetor | *20.2*fitbank * | JNL - 20.2 - EMS - FITBANK - Testes de Mobilidade | *CT070.0033 * |" name="E valido o campo &quot;resultado teste&quot;" time="0"/>
  <testcase classname="| Injetor | *20.2*fitbank * | JNL - 20.2 - EMS - FITBANK - Testes de Mobilidade | *CT070.0033 * |" name="E seleciono o campo &quot;caso de teste&quot;" time="0"/>
  <testcase classname="| Injetor | *20.2*fitbank * | JNL - 20.2 - EMS - FITBANK - Testes de Mobilidade | *CT070.0033 * |" name="E adiciono header ao arquivo" time="0"/>
  <testcase classname="| Injetor | *20.2*fitbank * | JNL - 20.2 - EMS - FITBANK - Testes de Mobilidade | *CT070.0033 * |" name="Entao clico no botão &quot;lupa&quot;" time="0"/>
  <testcase classname="| Injetor | *20.2*fitbank * | JNL - 20.2 - EMS - FITBANK - Testes de Mobilidade | *CT070.0033 * |" name="Entao clico no botão &quot;primeiro expand&quot;" time="0"/>
  <testcase classname="| Injetor | *20.2*fitbank * | JNL - 20.2 - EMS - FITBANK - Testes de Mobilidade | *CT070.0033 * |" name="Entao clico no botão &quot;segundo expand&quot;" time="0"/>
  <testcase classname="| Injetor | *20.2*fitbank * | JNL - 20.2 - EMS - FITBANK - Testes de Mobilidade | *CT070.0033 * |" name="E recupero as linhas da transação" time="0"/>
  <testcase classname="| Injetor | *20.2*fitbank * | JNL - 20.2 - EMS - FITBANK - Testes de Mobilidade | *CT070.0033 * |" name="E crio o arquivo" time="0"/>
  <testcase classname="| Injetor | *20.2*fitbank * | JNL - 20.2 - EMS - FITBANK - Testes de Mobilidade | *CT070.0033 * |" name="E escrevo as informações no arquivo" time="0"/>
  <testcase classname="| Injetor | *20.2*fitbank * | JNL - 20.2 - EMS - FITBANK - Testes de Mobilidade | *CT070.0033 * |" name="| Injetor | *20.2*fitbank * | JNL - 20.2 - EMS - FITBANK - Testes de Mobilidade | *CT070.0033 * |" time="0"/>
  <testcase classname="| Injetor | *20.2*fitbank * | JNL - 20.2 - EMS - FITBANK - Testes de Mobilidade | *CT070.0033 * |" name="Dado usuário está na tela &quot;project list&quot;" time="0"/>
  <testcase classname="| Injetor | *20.2*fitbank * | JNL - 20.2 - EMS - FITBANK - Testes de Mobilidade | *CT070.0033 * |" name="Entao clico no botão &quot;ambiente&quot;" time="0"/>
  <testcase classname="| Injetor | *20.2*fitbank * | JNL - 20.2 - EMS - FITBANK - Testes de Mobilidade | *CT070.0033 * |" name="Entao seleciono lista &quot;lista ambientes&quot; &quot;Injetor&quot;" time="0"/>
  <testcase classname="| Injetor | *20.2*fitbank * | JNL - 20.2 - EMS - FITBANK - Testes de Mobilidade | *CT070.0033 * |" name="Entao clico no botão &quot;filtro&quot;" time="0"/>
  <testcase classname="| Injetor | *20.2*fitbank * | JNL - 20.2 - EMS - FITBANK - Testes de Mobilidade | *CT070.0033 * |" name="E insiro no campo &quot;nome&quot; &quot;*20.2*fitbank *&quot;" time="0"/>
  <testcase classname="| Injetor | *20.2*fitbank * | JNL - 20.2 - EMS - FITBANK - Testes de Mobilidade | *CT070.0033 * |" name="Entao clico no botão &quot;enviar&quot;" time="0"/>
  <testcase classname="| Injetor | *20.2*fitbank * | JNL - 20.2 - EMS - FITBANK - Testes de Mobilidade | *CT070.0033 * |" name="Entao seleciono campo &quot;projeto&quot; na tabela com valor &quot;JNL - 20.2 - EMS - FITBANK - Testes de Mobilidade&quot;" time="0"/>
  <testcase classname="| Injetor | *20.2*fitbank * | JNL - 20.2 - EMS - FITBANK - Testes de Mobilidade | *CT070.0033 * |" name="Entao clico no botão &quot;ciclo&quot;" time="0"/>
  <testcase classname="| Injetor | *20.2*fitbank * | JNL - 20.2 - EMS - FITBANK - Testes de Mobilidade | *CT070.0033 * |" name="E mudo de tela para &quot;project execution&quot;" time="0"/>
  <testcase classname="| Injetor | *20.2*fitbank * | JNL - 20.2 - EMS - FITBANK - Testes de Mobilidade | *CT070.0033 * |" name="Entao clico no botão &quot;filtro&quot;" time="0"/>
  <testcase classname="| Injetor | *20.2*fitbank * | JNL - 20.2 - EMS - FITBANK - Testes de Mobilidade | *CT070.0033 * |" name="E insiro no campo &quot;nome&quot; &quot;*CT070.0033 *&quot;" time="0"/>
  <testcase classname="| Injetor | *20.2*fitbank * | JNL - 20.2 - EMS - FITBANK - Testes de Mobilidade | *CT070.0033 * |" name="Entao clico no botão &quot;enviar&quot;" time="0"/>
  <testcase classname="| Injetor | *20.2*fitbank * | JNL - 20.2 - EMS - FITBANK - Testes de Mobilidade | *CT070.0033 * |" name="E seleciono o campo &quot;caso de teste&quot;" time="0"/>
  <testcase classname="| Injetor | *20.2*fitbank * | JNL - 20.2 - EMS - FITBANK - Testes de Mobilidade | *CT070.0033 * |" name="Entao clico no botão &quot;executar teste&quot;" time="0"/>
  <testcase classname="| Injetor | *20.2*fitbank * | JNL - 20.2 - EMS - FITBANK - Testes de Mobilidade | *CT070.0033 * |" name="E valido o campo &quot;resultado teste&quot;" time="0"/>
  <testcase classname="| Injetor | *20.2*fitbank * | JNL - 20.2 - EMS - FITBANK - Testes de Mobilidade | *CT070.0033 * |" name="E seleciono o campo &quot;caso de teste&quot;" time="0"/>
  <testcase classname="| Injetor | *20.2*fitbank * | JNL - 20.2 - EMS - FITBANK - Testes de Mobilidade | *CT070.0033 * |" name="E adiciono header ao arquivo" time="0"/>
  <testcase classname="| Injetor | *20.2*fitbank * | JNL - 20.2 - EMS - FITBANK - Testes de Mobilidade | *CT070.0033 * |" name="Entao clico no botão &quot;lupa&quot;" time="0"/>
  <testcase classname="| Injetor | *20.2*fitbank * | JNL - 20.2 - EMS - FITBANK - Testes de Mobilidade | *CT070.0033 * |" name="Entao clico no botão &quot;primeiro expand&quot;" time="0">
    <error message="stale element reference: element is not attached to the page document
  (Session info: chrome=88.0.4324.150)
For documentation on this error, please visit: http://seleniumhq.org/exceptions/stale_element_reference.html
Build info: version: &apos;3.8.0&apos;, revision: &apos;924c4067df&apos;, time: &apos;2017-11-30T11:20:39.408Z&apos;
System info: host: &apos;PWFAB1480&apos;, ip: &apos;10.3.24.37&apos;, os.name: &apos;Windows 10&apos;, os.arch: &apos;amd64&apos;, os.version: &apos;10.0&apos;, java.version: &apos;1.8.0_241&apos;
Driver info: org.openqa.selenium.chrome.ChromeDriver
Capabilities {acceptInsecureCerts: false, browserName: chrome, browserVersion: 88.0.4324.150, chrome: {chromedriverVersion: 87.0.4280.88 (89e2380a3e36c..., userDataDir: C:\Users\GUILHE~1.OLI\AppDa...}, goog:chromeOptions: {debuggerAddress: localhost:54244}, javascriptEnabled: true, networkConnectionEnabled: false, pageLoadStrategy: normal, platform: WINDOWS, platformName: WINDOWS, proxy: Proxy(), setWindowRect: true, strictFileInteractability: false, timeouts: {implicit: 0, pageLoad: 300000, script: 30000}, unhandledPromptBehavior: dismiss and notify, webauthn:virtualAuthenticators: true}
Session ID: 751a99665cf20d5d6d2dfa1f52a350a4" type="org.openqa.selenium.StaleElementReferenceException">org.openqa.selenium.StaleElementReferenceException: stale element reference: element is not attached to the page document
  (Session info: chrome=88.0.4324.150)
For documentation on this error, please visit: http://seleniumhq.org/exceptions/stale_element_reference.html
Build info: version: &apos;3.8.0&apos;, revision: &apos;924c4067df&apos;, time: &apos;2017-11-30T11:20:39.408Z&apos;
System info: host: &apos;PWFAB1480&apos;, ip: &apos;10.3.24.37&apos;, os.name: &apos;Windows 10&apos;, os.arch: &apos;amd64&apos;, os.version: &apos;10.0&apos;, java.version: &apos;1.8.0_241&apos;
Driver info: org.openqa.selenium.chrome.ChromeDriver
Capabilities {acceptInsecureCerts: false, browserName: chrome, browserVersion: 88.0.4324.150, chrome: {chromedriverVersion: 87.0.4280.88 (89e2380a3e36c..., userDataDir: C:\Users\GUILHE~1.OLI\AppDa...}, goog:chromeOptions: {debuggerAddress: localhost:54244}, javascriptEnabled: true, networkConnectionEnabled: false, pageLoadStrategy: normal, platform: WINDOWS, platformName: WINDOWS, proxy: Proxy(), setWindowRect: true, strictFileInteractability: false, timeouts: {implicit: 0, pageLoad: 300000, script: 30000}, unhandledPromptBehavior: dismiss and notify, webauthn:virtualAuthenticators: true}
Session ID: 751a99665cf20d5d6d2dfa1f52a350a4
	at sun.reflect.NativeConstructorAccessorImpl.newInstance0(Native Method)
	at sun.reflect.NativeConstructorAccessorImpl.newInstance(Unknown Source)
	at sun.reflect.DelegatingConstructorAccessorImpl.newInstance(Unknown Source)
	at java.lang.reflect.Constructor.newInstance(Unknown Source)
	at org.openqa.selenium.remote.http.W3CHttpResponseCodec.createException(W3CHttpResponseCodec.java:187)
	at org.openqa.selenium.remote.http.W3CHttpResponseCodec.decode(W3CHttpResponseCodec.java:122)
	at org.openqa.selenium.remote.http.W3CHttpResponseCodec.decode(W3CHttpResponseCodec.java:49)
	at org.openqa.selenium.remote.HttpCommandExecutor.execute(HttpCommandExecutor.java:164)
	at org.openqa.selenium.remote.service.DriverCommandExecutor.execute(DriverCommandExecutor.java:83)
	at org.openqa.selenium.remote.RemoteWebDriver.execute(RemoteWebDriver.java:601)
	at org.openqa.selenium.remote.RemoteWebElement.execute(RemoteWebElement.java:279)
	at org.openqa.selenium.remote.RemoteWebElement.click(RemoteWebElement.java:83)
	at sun.reflect.GeneratedMethodAccessor5.invoke(Unknown Source)
	at sun.reflect.DelegatingMethodAccessorImpl.invoke(Unknown Source)
	at java.lang.reflect.Method.invoke(Unknown Source)
	at org.openqa.selenium.support.pagefactory.internal.LocatingElementHandler.invoke(LocatingElementHandler.java:51)
	at com.sun.proxy.$Proxy18.click(Unknown Source)
	at functions.Eventos.clicaElemento(Eventos.java:75)
	at functions.Actions.clicarBotao(Actions.java:27)
	at stepDefinitions.commonSD.clicoNoBotão(commonSD.java:33)
	at ✽.Entao clico no botão &quot;primeiro expand&quot;(common.feature:47)
</error>
  </testcase>
  <testcase classname="| Injetor | *20.2*fitbank * | JNL - 20.2 - EMS - FITBANK - Testes de Mobilidade | *CT070.0033 * |" name="| Injetor | *20.2*fitbank * | JNL - 20.2 - EMS - FITBANK - Testes de Mobilidade | *CT070.0033 * |" time="0">
    <error message="stale element reference: element is not attached to the page document
  (Session info: chrome=88.0.4324.150)
For documentation on this error, please visit: http://seleniumhq.org/exceptions/stale_element_reference.html
Build info: version: &apos;3.8.0&apos;, revision: &apos;924c4067df&apos;, time: &apos;2017-11-30T11:20:39.408Z&apos;
System info: host: &apos;PWFAB1480&apos;, ip: &apos;10.3.24.37&apos;, os.name: &apos;Windows 10&apos;, os.arch: &apos;amd64&apos;, os.version: &apos;10.0&apos;, java.version: &apos;1.8.0_241&apos;
Driver info: org.openqa.selenium.chrome.ChromeDriver
Capabilities {acceptInsecureCerts: false, browserName: chrome, browserVersion: 88.0.4324.150, chrome: {chromedriverVersion: 87.0.4280.88 (89e2380a3e36c..., userDataDir: C:\Users\GUILHE~1.OLI\AppDa...}, goog:chromeOptions: {debuggerAddress: localhost:54244}, javascriptEnabled: true, networkConnectionEnabled: false, pageLoadStrategy: normal, platform: WINDOWS, platformName: WINDOWS, proxy: Proxy(), setWindowRect: true, strictFileInteractability: false, timeouts: {implicit: 0, pageLoad: 300000, script: 30000}, unhandledPromptBehavior: dismiss and notify, webauthn:virtualAuthenticators: true}
Session ID: 751a99665cf20d5d6d2dfa1f52a350a4" type="org.openqa.selenium.StaleElementReferenceException">org.openqa.selenium.StaleElementReferenceException: stale element reference: element is not attached to the page document
  (Session info: chrome=88.0.4324.150)
For documentation on this error, please visit: http://seleniumhq.org/exceptions/stale_element_reference.html
Build info: version: &apos;3.8.0&apos;, revision: &apos;924c4067df&apos;, time: &apos;2017-11-30T11:20:39.408Z&apos;
System info: host: &apos;PWFAB1480&apos;, ip: &apos;10.3.24.37&apos;, os.name: &apos;Windows 10&apos;, os.arch: &apos;amd64&apos;, os.version: &apos;10.0&apos;, java.version: &apos;1.8.0_241&apos;
Driver info: org.openqa.selenium.chrome.ChromeDriver
Capabilities {acceptInsecureCerts: false, browserName: chrome, browserVersion: 88.0.4324.150, chrome: {chromedriverVersion: 87.0.4280.88 (89e2380a3e36c..., userDataDir: C:\Users\GUILHE~1.OLI\AppDa...}, goog:chromeOptions: {debuggerAddress: localhost:54244}, javascriptEnabled: true, networkConnectionEnabled: false, pageLoadStrategy: normal, platform: WINDOWS, platformName: WINDOWS, proxy: Proxy(), setWindowRect: true, strictFileInteractability: false, timeouts: {implicit: 0, pageLoad: 300000, script: 30000}, unhandledPromptBehavior: dismiss and notify, webauthn:virtualAuthenticators: true}
Session ID: 751a99665cf20d5d6d2dfa1f52a350a4
	at sun.reflect.NativeConstructorAccessorImpl.newInstance0(Native Method)
	at sun.reflect.NativeConstructorAccessorImpl.newInstance(Unknown Source)
	at sun.reflect.DelegatingConstructorAccessorImpl.newInstance(Unknown Source)
	at java.lang.reflect.Constructor.newInstance(Unknown Source)
	at org.openqa.selenium.remote.http.W3CHttpResponseCodec.createException(W3CHttpResponseCodec.java:187)
	at org.openqa.selenium.remote.http.W3CHttpResponseCodec.decode(W3CHttpResponseCodec.java:122)
	at org.openqa.selenium.remote.http.W3CHttpResponseCodec.decode(W3CHttpResponseCodec.java:49)
	at org.openqa.selenium.remote.HttpCommandExecutor.execute(HttpCommandExecutor.java:164)
	at org.openqa.selenium.remote.service.DriverCommandExecutor.execute(DriverCommandExecutor.java:83)
	at org.openqa.selenium.remote.RemoteWebDriver.execute(RemoteWebDriver.java:601)
	at org.openqa.selenium.remote.RemoteWebElement.execute(RemoteWebElement.java:279)
	at org.openqa.selenium.remote.RemoteWebElement.click(RemoteWebElement.java:83)
	at sun.reflect.GeneratedMethodAccessor5.invoke(Unknown Source)
	at sun.reflect.DelegatingMethodAccessorImpl.invoke(Unknown Source)
	at java.lang.reflect.Method.invoke(Unknown Source)
	at org.openqa.selenium.support.pagefactory.internal.LocatingElementHandler.invoke(LocatingElementHandler.java:51)
	at com.sun.proxy.$Proxy18.click(Unknown Source)
	at functions.Eventos.clicaElemento(Eventos.java:75)
	at functions.Actions.clicarBotao(Actions.java:27)
	at stepDefinitions.commonSD.clicoNoBotão(commonSD.java:33)
	at ✽.Entao clico no botão &quot;primeiro expand&quot;(common.feature:47)
</error>
  </testcase>
  <testcase classname="| Injetor | *20.2*fitbank * | JNL - 20.2 - EMS - FITBANK - Testes de Mobilidade | *CT070.0033 * |" name="Entao clico no botão &quot;segundo expand&quot;" time="0">
    <skipped/>
  </testcase>
  <testcase classname="| Injetor | *20.2*fitbank * | JNL - 20.2 - EMS - FITBANK - Testes de Mobilidade | *CT070.0033 * |" name="E recupero as linhas da transação" time="0">
    <skipped/>
  </testcase>
  <testcase classname="| Injetor | *20.2*fitbank * | JNL - 20.2 - EMS - FITBANK - Testes de Mobilidade | *CT070.0033 * |" name="E crio o arquivo" time="0">
    <skipped/>
  </testcase>
  <testcase classname="| Injetor | *20.2*fitbank * | JNL - 20.2 - EMS - FITBANK - Testes de Mobilidade | *CT070.0033 * |" name="E escrevo as informações no arquivo" time="0">
    <skipped/>
  </testcase>
</testsuite>